2025-06-08 21:18:39,581 - INFO - üöÄ Starting stealth job application bot
2025-06-08 21:18:40,237 - INFO - üìÇ Loading jobs from output/final_ml_jobs.csv
2025-06-08 21:18:40,248 - INFO -    üìä Total jobs in file: 716
2025-06-08 21:18:40,249 - INFO -    üéØ Easy Apply jobs: 716
2025-06-08 21:18:40,251 - INFO -    ‚è≥ Jobs to process: 180 (status: pending)
2025-06-08 21:18:40,251 - INFO - üé≤ Will attempt 84 applications this run (target: 84)
2025-06-08 21:18:40,251 - INFO - üîë Logging into Dice...
2025-06-08 21:18:42,232 - INFO - ‚úÖ Login successful
2025-06-08 21:18:45,320 - INFO - üîÑ Starting job applications...
2025-06-08 21:18:45,321 - INFO - üéØ [1/84] Applying to: Lead React Developer with Gen AI
2025-06-08 21:19:01,346 - INFO -    ‚úÖ Successfully applied!
2025-06-08 21:19:10,457 - INFO - üéØ [2/84] Applying to: Data Scientist
2025-06-08 21:19:26,887 - INFO -    ‚úÖ Successfully applied!
2025-06-08 21:19:36,615 - INFO - üéØ [3/84] Applying to: AI Solutions Lead- Hybrid role at Montvale, NJ
2025-06-08 21:19:52,559 - INFO -    ‚úÖ Successfully applied!
2025-06-08 21:20:05,621 - INFO - üéØ [4/84] Applying to: Cloud Infrastructure/AI/ML Engineer
2025-06-08 21:20:23,162 - INFO -    ‚úÖ Successfully applied!
2025-06-08 21:20:33,142 - INFO - üéØ [5/84] Applying to: GenAI Intern
2025-06-08 21:20:50,131 - INFO -    ‚úÖ Successfully applied!
2025-06-08 21:20:57,438 - INFO - üéØ [6/84] Applying to: AI/ML Consultant- W2- Hybrid - 322160 - FORD Motors
2025-06-08 21:21:12,592 - INFO -    ‚úÖ Successfully applied!
2025-06-08 21:21:23,225 - INFO - üéØ [7/84] Applying to: Gen AI Cloud Engineer
2025-06-08 21:21:41,002 - INFO -    ‚úÖ Successfully applied!
2025-06-08 21:21:47,541 - INFO - üéØ [8/84] Applying to: Python Developer(LLM/Gen AI/ML)
2025-06-08 21:22:02,652 - INFO -    ‚úÖ Successfully applied!
2025-06-08 21:22:12,317 - INFO - üéØ [9/84] Applying to: Generative AI Engineer
2025-06-08 21:22:25,579 - INFO -    ‚úÖ Successfully applied!
2025-06-08 21:22:35,166 - INFO - üéØ [10/84] Applying to: Machine Learning Engineer
2025-06-08 21:22:50,542 - INFO -    ‚úÖ Successfully applied!
2025-06-08 21:22:59,754 - INFO - üéØ [11/84] Applying to: UiPath AI Architect
2025-06-08 21:23:15,318 - INFO -    ‚úÖ Successfully applied!
2025-06-08 21:23:24,467 - INFO - üéØ [12/84] Applying to: AI/ML & Gen AI Senior Engineer-Hybrid
2025-06-08 21:23:38,665 - INFO -    ‚úÖ Successfully applied!
2025-06-08 21:23:47,999 - INFO - üéØ [13/84] Applying to: Senior Developer (LLM Implementation Focus)
2025-06-08 21:24:02,224 - INFO -    ‚úÖ Successfully applied!
2025-06-08 21:24:10,122 - INFO - üéØ [14/84] Applying to: AI/ ML Engineer
2025-06-08 21:24:27,355 - INFO -    ‚úÖ Successfully applied!
2025-06-08 21:24:37,158 - INFO - üéØ [15/84] Applying to: AI Engineer/ Developer / Michigan (Hybrid)
2025-06-08 21:24:49,659 - INFO -    ‚úÖ Successfully applied!
2025-06-08 21:24:58,420 - INFO - üéØ [16/84] Applying to: Data Scientist ( Multiple Positions)
2025-06-08 21:25:13,528 - INFO -    ‚úÖ Successfully applied!
2025-06-08 21:25:21,883 - INFO - üéØ [17/84] Applying to: Gen AI Engineer - Data Scientist
2025-06-08 21:25:35,425 - INFO -    ‚úÖ Successfully applied!
2025-06-08 21:25:48,510 - INFO - üéØ [18/84] Applying to: AI Engineer-Associate
2025-06-08 21:26:04,962 - INFO -    ‚úÖ Successfully applied!
2025-06-08 21:26:13,887 - INFO - üéØ [19/84] Applying to: Lead AI/ML Engineer in Seattle, WA | Onsite | Hybrid
2025-06-08 21:26:28,318 - INFO -    ‚úÖ Successfully applied!
2025-06-08 21:26:37,645 - INFO - üéØ [20/84] Applying to: AI Engineer
2025-06-08 21:26:54,109 - INFO -    ‚úÖ Successfully applied!
2025-06-08 21:27:02,756 - INFO - üéØ [21/84] Applying to: Senior python developer with AI/ML Exp
2025-06-08 21:27:19,469 - INFO -    ‚úÖ Successfully applied!
2025-06-08 21:27:30,781 - INFO - üéØ [22/84] Applying to: Senior Data Engineer/Adtech Experience
2025-06-08 21:27:45,685 - INFO -    ‚úÖ Successfully applied!
2025-06-08 21:27:54,870 - INFO - üéØ [23/84] Applying to: Senior Node.js Developer with Gen AI and LLM
2025-06-08 21:28:08,969 - INFO -    ‚úÖ Successfully applied!
2025-06-08 21:28:18,805 - INFO - üéØ [24/84] Applying to: Senior Data Engineer
2025-06-08 21:28:34,526 - INFO -    ‚úÖ Successfully applied!
2025-06-08 21:28:44,952 - INFO - üéØ [25/84] Applying to: Lead Data Scientist
2025-06-08 21:28:59,948 - INFO -    ‚úÖ Successfully applied!
2025-06-08 21:29:07,892 - INFO - üéØ [26/84] Applying to: Sr Data Scientist :: Charlotte, NC :: C2H role
2025-06-08 21:29:26,392 - INFO -    ‚úÖ Successfully applied!
2025-06-08 21:29:32,926 - INFO - üéØ [27/84] Applying to: AI/ML Engineering Senior Consultant at Deerfield, IL (Hybrid)
2025-06-08 21:29:50,608 - INFO -    ‚úÖ Successfully applied!
2025-06-08 21:30:00,608 - INFO - üéØ [28/84] Applying to: Java AI Engineer
2025-06-08 21:30:16,023 - INFO -    ‚úÖ Successfully applied!
2025-06-08 21:30:27,411 - INFO - üéØ [29/84] Applying to: Data Scientist / Machine Learning Engineer/LLM
2025-06-08 21:30:44,225 - INFO -    ‚úÖ Successfully applied!
2025-06-08 21:30:54,712 - INFO - üéØ [30/84] Applying to: Project Manager Must have AI/ML and Gen AI
2025-06-08 21:31:10,564 - INFO -    ‚úÖ Successfully applied!
2025-06-08 21:31:22,609 - INFO - üéØ [31/84] Applying to: Data Scientist
2025-06-08 21:31:37,850 - INFO -    ‚úÖ Successfully applied!
2025-06-08 21:31:45,416 - INFO - üéØ [32/84] Applying to: AI Architect
2025-06-08 21:31:58,927 - INFO -    ‚úÖ Successfully applied!
2025-06-08 21:32:08,377 - INFO - üéØ [33/84] Applying to: Need AI/ML Engineer in Arlington, Texas (Day 1 Onsite) for Fulltime
2025-06-08 21:32:24,686 - INFO -    ‚úÖ Successfully applied!
2025-06-08 21:32:36,848 - INFO - üéØ [34/84] Applying to: Perception Machine Learning Engineer
2025-06-08 21:32:55,518 - INFO -    ‚úÖ Successfully applied!
2025-06-08 21:33:05,860 - INFO - üéØ [35/84] Applying to: Machine Learning Developer II
2025-06-08 21:33:19,799 - INFO -    ‚úÖ Successfully applied!
2025-06-08 21:33:26,057 - INFO - üéØ [36/84] Applying to: AI/ML Architect in Reston, VA
2025-06-08 21:33:40,621 - INFO -    ‚úÖ Successfully applied!
2025-06-08 21:33:51,143 - INFO - üéØ [37/84] Applying to: AI/ML & Gen AI Senior Engineer
2025-06-08 21:34:07,173 - INFO -    ‚úÖ Successfully applied!
2025-06-08 21:34:17,868 - INFO - üéØ [38/84] Applying to: AL/ML Senior Engineer
2025-06-08 21:34:31,710 - ERROR -    ‚ùå Cannot click first NEXT button: Message: invalid session id: session deleted as the browser has closed the connection
from disconnected: Unable to receive message from renderer
  (Session info: chrome=136.0.7103.94)
Stacktrace:
#0 0x56545a35b71a <unknown>
#1 0x565459dfe0a0 <unknown>
#2 0x565459de5ea0 <unknown>
#3 0x565459de5ba2 <unknown>
#4 0x565459de39ef <unknown>
#5 0x565459de431f <unknown>
#6 0x565459e02935 <unknown>
#7 0x565459e032a8 <unknown>
#8 0x565459e07578 <unknown>
#9 0x565459e07603 <unknown>
#10 0x565459e4f3e5 <unknown>
#11 0x565459e4fba1 <unknown>
#12 0x565459e9dea4 <unknown>
#13 0x565459e753cd <unknown>
#14 0x565459e9b2a0 <unknown>
#15 0x565459e75173 <unknown>
#16 0x565459e41d4b <unknown>
#17 0x565459e429b1 <unknown>
#18 0x56545a3208cb <unknown>
#19 0x56545a3247ca <unknown>
#20 0x56545a308622 <unknown>
#21 0x56545a325354 <unknown>
#22 0x56545a2ed45f <unknown>
#23 0x56545a3494f8 <unknown>
#24 0x56545a3496d6 <unknown>
#25 0x56545a35a586 <unknown>
#26 0x7f8bd689caa4 <unknown>
#27 0x7f8bd6929c3c <unknown>

2025-06-08 21:34:39,229 - INFO - üéØ [39/84] Applying to: AI/ML Engineer
2025-06-08 21:34:39,236 - ERROR -    ‚ùå Application failed: Message: invalid session id
Stacktrace:
#0 0x56545a35b71a <unknown>
#1 0x565459dfdef3 <unknown>
#2 0x565459e40f0f <unknown>
#3 0x565459e752a6 <unknown>
#4 0x565459e6fbe7 <unknown>
#5 0x565459e6ed25 <unknown>
#6 0x565459dc7a88 <unknown>
#7 0x56545a3208cb <unknown>
#8 0x56545a3247ca <unknown>
#9 0x56545a308622 <unknown>
#10 0x56545a325354 <unknown>
#11 0x56545a2ed45f <unknown>
#12 0x565459dc5821 <unknown>
#13 0x7f8bd682a1ca <unknown>
#14 0x7f8bd682a28b __libc_start_main
#15 0x565459d8d4ea _start

2025-06-08 21:34:39,236 - ERROR - Full error for AI/ML Engineer:
Traceback (most recent call last):
  File "/home/runner/work/Applier-Workflow/Applier-Workflow/scripts/src/stealth_apply.py", line 149, in easy_apply
    driver.get(job_link)
  File "/opt/hostedtoolcache/Python/3.10.17/x64/lib/python3.10/site-packages/undetected_chromedriver/__init__.py", line 496, in get_wrapped
    if self.execute_script("return navigator.webdriver"):
  File "/opt/hostedtoolcache/Python/3.10.17/x64/lib/python3.10/site-packages/selenium/webdriver/remote/webdriver.py", line 544, in execute_script
    return self.execute(command, {"script": script, "args": converted_args})["value"]
  File "/opt/hostedtoolcache/Python/3.10.17/x64/lib/python3.10/site-packages/selenium/webdriver/remote/webdriver.py", line 447, in execute
    self.error_handler.check_response(response)
  File "/opt/hostedtoolcache/Python/3.10.17/x64/lib/python3.10/site-packages/selenium/webdriver/remote/errorhandler.py", line 232, in check_response
    raise exception_class(message, screen, stacktrace)
selenium.common.exceptions.InvalidSessionIdException: Message: invalid session id
Stacktrace:
#0 0x56545a35b71a <unknown>
#1 0x565459dfdef3 <unknown>
#2 0x565459e40f0f <unknown>
#3 0x565459e752a6 <unknown>
#4 0x565459e6fbe7 <unknown>
#5 0x565459e6ed25 <unknown>
#6 0x565459dc7a88 <unknown>
#7 0x56545a3208cb <unknown>
#8 0x56545a3247ca <unknown>
#9 0x56545a308622 <unknown>
#10 0x56545a325354 <unknown>
#11 0x56545a2ed45f <unknown>
#12 0x565459dc5821 <unknown>
#13 0x7f8bd682a1ca <unknown>
#14 0x7f8bd682a28b __libc_start_main
#15 0x565459d8d4ea _start

2025-06-08 21:34:50,642 - INFO - üéØ [40/84] Applying to: AWS AI Data Engineer
2025-06-08 21:34:50,649 - ERROR -    ‚ùå Application failed: Message: invalid session id
Stacktrace:
#0 0x56545a35b71a <unknown>
#1 0x565459dfdef3 <unknown>
#2 0x565459e40f0f <unknown>
#3 0x565459e752a6 <unknown>
#4 0x565459e6fbe7 <unknown>
#5 0x565459e6ed25 <unknown>
#6 0x565459dc7a88 <unknown>
#7 0x56545a3208cb <unknown>
#8 0x56545a3247ca <unknown>
#9 0x56545a308622 <unknown>
#10 0x56545a325354 <unknown>
#11 0x56545a2ed45f <unknown>
#12 0x565459dc5821 <unknown>
#13 0x7f8bd682a1ca <unknown>
#14 0x7f8bd682a28b __libc_start_main
#15 0x565459d8d4ea _start

2025-06-08 21:34:50,649 - ERROR - Full error for AWS AI Data Engineer:
Traceback (most recent call last):
  File "/home/runner/work/Applier-Workflow/Applier-Workflow/scripts/src/stealth_apply.py", line 149, in easy_apply
    driver.get(job_link)
  File "/opt/hostedtoolcache/Python/3.10.17/x64/lib/python3.10/site-packages/undetected_chromedriver/__init__.py", line 496, in get_wrapped
    if self.execute_script("return navigator.webdriver"):
  File "/opt/hostedtoolcache/Python/3.10.17/x64/lib/python3.10/site-packages/selenium/webdriver/remote/webdriver.py", line 544, in execute_script
    return self.execute(command, {"script": script, "args": converted_args})["value"]
  File "/opt/hostedtoolcache/Python/3.10.17/x64/lib/python3.10/site-packages/selenium/webdriver/remote/webdriver.py", line 447, in execute
    self.error_handler.check_response(response)
  File "/opt/hostedtoolcache/Python/3.10.17/x64/lib/python3.10/site-packages/selenium/webdriver/remote/errorhandler.py", line 232, in check_response
    raise exception_class(message, screen, stacktrace)
selenium.common.exceptions.InvalidSessionIdException: Message: invalid session id
Stacktrace:
#0 0x56545a35b71a <unknown>
#1 0x565459dfdef3 <unknown>
#2 0x565459e40f0f <unknown>
#3 0x565459e752a6 <unknown>
#4 0x565459e6fbe7 <unknown>
#5 0x565459e6ed25 <unknown>
#6 0x565459dc7a88 <unknown>
#7 0x56545a3208cb <unknown>
#8 0x56545a3247ca <unknown>
#9 0x56545a308622 <unknown>
#10 0x56545a325354 <unknown>
#11 0x56545a2ed45f <unknown>
#12 0x565459dc5821 <unknown>
#13 0x7f8bd682a1ca <unknown>
#14 0x7f8bd682a28b __libc_start_main
#15 0x565459d8d4ea _start

2025-06-08 21:35:00,021 - INFO - üéØ [41/84] Applying to: Data Scientist:::::::::Onsite
2025-06-08 21:35:00,028 - ERROR -    ‚ùå Application failed: Message: invalid session id
Stacktrace:
#0 0x56545a35b71a <unknown>
#1 0x565459dfdef3 <unknown>
#2 0x565459e40f0f <unknown>
#3 0x565459e752a6 <unknown>
#4 0x565459e6fbe7 <unknown>
#5 0x565459e6ed25 <unknown>
#6 0x565459dc7a88 <unknown>
#7 0x56545a3208cb <unknown>
#8 0x56545a3247ca <unknown>
#9 0x56545a308622 <unknown>
#10 0x56545a325354 <unknown>
#11 0x56545a2ed45f <unknown>
#12 0x565459dc5821 <unknown>
#13 0x7f8bd682a1ca <unknown>
#14 0x7f8bd682a28b __libc_start_main
#15 0x565459d8d4ea _start

2025-06-08 21:35:00,028 - ERROR - Full error for Data Scientist:::::::::Onsite:
Traceback (most recent call last):
  File "/home/runner/work/Applier-Workflow/Applier-Workflow/scripts/src/stealth_apply.py", line 149, in easy_apply
    driver.get(job_link)
  File "/opt/hostedtoolcache/Python/3.10.17/x64/lib/python3.10/site-packages/undetected_chromedriver/__init__.py", line 496, in get_wrapped
    if self.execute_script("return navigator.webdriver"):
  File "/opt/hostedtoolcache/Python/3.10.17/x64/lib/python3.10/site-packages/selenium/webdriver/remote/webdriver.py", line 544, in execute_script
    return self.execute(command, {"script": script, "args": converted_args})["value"]
  File "/opt/hostedtoolcache/Python/3.10.17/x64/lib/python3.10/site-packages/selenium/webdriver/remote/webdriver.py", line 447, in execute
    self.error_handler.check_response(response)
  File "/opt/hostedtoolcache/Python/3.10.17/x64/lib/python3.10/site-packages/selenium/webdriver/remote/errorhandler.py", line 232, in check_response
    raise exception_class(message, screen, stacktrace)
selenium.common.exceptions.InvalidSessionIdException: Message: invalid session id
Stacktrace:
#0 0x56545a35b71a <unknown>
#1 0x565459dfdef3 <unknown>
#2 0x565459e40f0f <unknown>
#3 0x565459e752a6 <unknown>
#4 0x565459e6fbe7 <unknown>
#5 0x565459e6ed25 <unknown>
#6 0x565459dc7a88 <unknown>
#7 0x56545a3208cb <unknown>
#8 0x56545a3247ca <unknown>
#9 0x56545a308622 <unknown>
#10 0x56545a325354 <unknown>
#11 0x56545a2ed45f <unknown>
#12 0x565459dc5821 <unknown>
#13 0x7f8bd682a1ca <unknown>
#14 0x7f8bd682a28b __libc_start_main
#15 0x565459d8d4ea _start

2025-06-08 21:35:07,441 - INFO - üéØ [42/84] Applying to: Senior Director - AI/ML Engineering
2025-06-08 21:35:07,448 - ERROR -    ‚ùå Application failed: Message: invalid session id
Stacktrace:
#0 0x56545a35b71a <unknown>
#1 0x565459dfdef3 <unknown>
#2 0x565459e40f0f <unknown>
#3 0x565459e752a6 <unknown>
#4 0x565459e6fbe7 <unknown>
#5 0x565459e6ed25 <unknown>
#6 0x565459dc7a88 <unknown>
#7 0x56545a3208cb <unknown>
#8 0x56545a3247ca <unknown>
#9 0x56545a308622 <unknown>
#10 0x56545a325354 <unknown>
#11 0x56545a2ed45f <unknown>
#12 0x565459dc5821 <unknown>
#13 0x7f8bd682a1ca <unknown>
#14 0x7f8bd682a28b __libc_start_main
#15 0x565459d8d4ea _start

2025-06-08 21:35:07,448 - ERROR - Full error for Senior Director - AI/ML Engineering:
Traceback (most recent call last):
  File "/home/runner/work/Applier-Workflow/Applier-Workflow/scripts/src/stealth_apply.py", line 149, in easy_apply
    driver.get(job_link)
  File "/opt/hostedtoolcache/Python/3.10.17/x64/lib/python3.10/site-packages/undetected_chromedriver/__init__.py", line 496, in get_wrapped
    if self.execute_script("return navigator.webdriver"):
  File "/opt/hostedtoolcache/Python/3.10.17/x64/lib/python3.10/site-packages/selenium/webdriver/remote/webdriver.py", line 544, in execute_script
    return self.execute(command, {"script": script, "args": converted_args})["value"]
  File "/opt/hostedtoolcache/Python/3.10.17/x64/lib/python3.10/site-packages/selenium/webdriver/remote/webdriver.py", line 447, in execute
    self.error_handler.check_response(response)
  File "/opt/hostedtoolcache/Python/3.10.17/x64/lib/python3.10/site-packages/selenium/webdriver/remote/errorhandler.py", line 232, in check_response
    raise exception_class(message, screen, stacktrace)
selenium.common.exceptions.InvalidSessionIdException: Message: invalid session id
Stacktrace:
#0 0x56545a35b71a <unknown>
#1 0x565459dfdef3 <unknown>
#2 0x565459e40f0f <unknown>
#3 0x565459e752a6 <unknown>
#4 0x565459e6fbe7 <unknown>
#5 0x565459e6ed25 <unknown>
#6 0x565459dc7a88 <unknown>
#7 0x56545a3208cb <unknown>
#8 0x56545a3247ca <unknown>
#9 0x56545a308622 <unknown>
#10 0x56545a325354 <unknown>
#11 0x56545a2ed45f <unknown>
#12 0x565459dc5821 <unknown>
#13 0x7f8bd682a1ca <unknown>
#14 0x7f8bd682a28b __libc_start_main
#15 0x565459d8d4ea _start

2025-06-08 21:35:15,974 - INFO - üéØ [43/84] Applying to: AI Research Scientist/Engineer
2025-06-08 21:35:15,981 - ERROR -    ‚ùå Application failed: Message: invalid session id
Stacktrace:
#0 0x56545a35b71a <unknown>
#1 0x565459dfdef3 <unknown>
#2 0x565459e40f0f <unknown>
#3 0x565459e752a6 <unknown>
#4 0x565459e6fbe7 <unknown>
#5 0x565459e6ed25 <unknown>
#6 0x565459dc7a88 <unknown>
#7 0x56545a3208cb <unknown>
#8 0x56545a3247ca <unknown>
#9 0x56545a308622 <unknown>
#10 0x56545a325354 <unknown>
#11 0x56545a2ed45f <unknown>
#12 0x565459dc5821 <unknown>
#13 0x7f8bd682a1ca <unknown>
#14 0x7f8bd682a28b __libc_start_main
#15 0x565459d8d4ea _start

2025-06-08 21:35:15,981 - ERROR - Full error for AI Research Scientist/Engineer:
Traceback (most recent call last):
  File "/home/runner/work/Applier-Workflow/Applier-Workflow/scripts/src/stealth_apply.py", line 149, in easy_apply
    driver.get(job_link)
  File "/opt/hostedtoolcache/Python/3.10.17/x64/lib/python3.10/site-packages/undetected_chromedriver/__init__.py", line 496, in get_wrapped
    if self.execute_script("return navigator.webdriver"):
  File "/opt/hostedtoolcache/Python/3.10.17/x64/lib/python3.10/site-packages/selenium/webdriver/remote/webdriver.py", line 544, in execute_script
    return self.execute(command, {"script": script, "args": converted_args})["value"]
  File "/opt/hostedtoolcache/Python/3.10.17/x64/lib/python3.10/site-packages/selenium/webdriver/remote/webdriver.py", line 447, in execute
    self.error_handler.check_response(response)
  File "/opt/hostedtoolcache/Python/3.10.17/x64/lib/python3.10/site-packages/selenium/webdriver/remote/errorhandler.py", line 232, in check_response
    raise exception_class(message, screen, stacktrace)
selenium.common.exceptions.InvalidSessionIdException: Message: invalid session id
Stacktrace:
#0 0x56545a35b71a <unknown>
#1 0x565459dfdef3 <unknown>
#2 0x565459e40f0f <unknown>
#3 0x565459e752a6 <unknown>
#4 0x565459e6fbe7 <unknown>
#5 0x565459e6ed25 <unknown>
#6 0x565459dc7a88 <unknown>
#7 0x56545a3208cb <unknown>
#8 0x56545a3247ca <unknown>
#9 0x56545a308622 <unknown>
#10 0x56545a325354 <unknown>
#11 0x56545a2ed45f <unknown>
#12 0x565459dc5821 <unknown>
#13 0x7f8bd682a1ca <unknown>
#14 0x7f8bd682a28b __libc_start_main
#15 0x565459d8d4ea _start

2025-06-08 21:35:23,612 - INFO - üéØ [44/84] Applying to: Senior Level Data Engineer / Healthcare / Python / Django / PostgreSQL
2025-06-08 21:35:23,620 - ERROR -    ‚ùå Application failed: Message: invalid session id
Stacktrace:
#0 0x56545a35b71a <unknown>
#1 0x565459dfdef3 <unknown>
#2 0x565459e40f0f <unknown>
#3 0x565459e752a6 <unknown>
#4 0x565459e6fbe7 <unknown>
#5 0x565459e6ed25 <unknown>
#6 0x565459dc7a88 <unknown>
#7 0x56545a3208cb <unknown>
#8 0x56545a3247ca <unknown>
#9 0x56545a308622 <unknown>
#10 0x56545a325354 <unknown>
#11 0x56545a2ed45f <unknown>
#12 0x565459dc5821 <unknown>
#13 0x7f8bd682a1ca <unknown>
#14 0x7f8bd682a28b __libc_start_main
#15 0x565459d8d4ea _start

2025-06-08 21:35:23,620 - ERROR - Full error for Senior Level Data Engineer / Healthcare / Python / Django / PostgreSQL:
Traceback (most recent call last):
  File "/home/runner/work/Applier-Workflow/Applier-Workflow/scripts/src/stealth_apply.py", line 149, in easy_apply
    driver.get(job_link)
  File "/opt/hostedtoolcache/Python/3.10.17/x64/lib/python3.10/site-packages/undetected_chromedriver/__init__.py", line 496, in get_wrapped
    if self.execute_script("return navigator.webdriver"):
  File "/opt/hostedtoolcache/Python/3.10.17/x64/lib/python3.10/site-packages/selenium/webdriver/remote/webdriver.py", line 544, in execute_script
    return self.execute(command, {"script": script, "args": converted_args})["value"]
  File "/opt/hostedtoolcache/Python/3.10.17/x64/lib/python3.10/site-packages/selenium/webdriver/remote/webdriver.py", line 447, in execute
    self.error_handler.check_response(response)
  File "/opt/hostedtoolcache/Python/3.10.17/x64/lib/python3.10/site-packages/selenium/webdriver/remote/errorhandler.py", line 232, in check_response
    raise exception_class(message, screen, stacktrace)
selenium.common.exceptions.InvalidSessionIdException: Message: invalid session id
Stacktrace:
#0 0x56545a35b71a <unknown>
#1 0x565459dfdef3 <unknown>
#2 0x565459e40f0f <unknown>
#3 0x565459e752a6 <unknown>
#4 0x565459e6fbe7 <unknown>
#5 0x565459e6ed25 <unknown>
#6 0x565459dc7a88 <unknown>
#7 0x56545a3208cb <unknown>
#8 0x56545a3247ca <unknown>
#9 0x56545a308622 <unknown>
#10 0x56545a325354 <unknown>
#11 0x56545a2ed45f <unknown>
#12 0x565459dc5821 <unknown>
#13 0x7f8bd682a1ca <unknown>
#14 0x7f8bd682a28b __libc_start_main
#15 0x565459d8d4ea _start

2025-06-08 21:35:31,918 - INFO - üéØ [45/84] Applying to: Machine Learning Engineer, Specialist
2025-06-08 21:35:31,926 - ERROR -    ‚ùå Application failed: Message: invalid session id
Stacktrace:
#0 0x56545a35b71a <unknown>
#1 0x565459dfdef3 <unknown>
#2 0x565459e40f0f <unknown>
#3 0x565459e752a6 <unknown>
#4 0x565459e6fbe7 <unknown>
#5 0x565459e6ed25 <unknown>
#6 0x565459dc7a88 <unknown>
#7 0x56545a3208cb <unknown>
#8 0x56545a3247ca <unknown>
#9 0x56545a308622 <unknown>
#10 0x56545a325354 <unknown>
#11 0x56545a2ed45f <unknown>
#12 0x565459dc5821 <unknown>
#13 0x7f8bd682a1ca <unknown>
#14 0x7f8bd682a28b __libc_start_main
#15 0x565459d8d4ea _start

2025-06-08 21:35:31,926 - ERROR - Full error for Machine Learning Engineer, Specialist:
Traceback (most recent call last):
  File "/home/runner/work/Applier-Workflow/Applier-Workflow/scripts/src/stealth_apply.py", line 149, in easy_apply
    driver.get(job_link)
  File "/opt/hostedtoolcache/Python/3.10.17/x64/lib/python3.10/site-packages/undetected_chromedriver/__init__.py", line 496, in get_wrapped
    if self.execute_script("return navigator.webdriver"):
  File "/opt/hostedtoolcache/Python/3.10.17/x64/lib/python3.10/site-packages/selenium/webdriver/remote/webdriver.py", line 544, in execute_script
    return self.execute(command, {"script": script, "args": converted_args})["value"]
  File "/opt/hostedtoolcache/Python/3.10.17/x64/lib/python3.10/site-packages/selenium/webdriver/remote/webdriver.py", line 447, in execute
    self.error_handler.check_response(response)
  File "/opt/hostedtoolcache/Python/3.10.17/x64/lib/python3.10/site-packages/selenium/webdriver/remote/errorhandler.py", line 232, in check_response
    raise exception_class(message, screen, stacktrace)
selenium.common.exceptions.InvalidSessionIdException: Message: invalid session id
Stacktrace:
#0 0x56545a35b71a <unknown>
#1 0x565459dfdef3 <unknown>
#2 0x565459e40f0f <unknown>
#3 0x565459e752a6 <unknown>
#4 0x565459e6fbe7 <unknown>
#5 0x565459e6ed25 <unknown>
#6 0x565459dc7a88 <unknown>
#7 0x56545a3208cb <unknown>
#8 0x56545a3247ca <unknown>
#9 0x56545a308622 <unknown>
#10 0x56545a325354 <unknown>
#11 0x56545a2ed45f <unknown>
#12 0x565459dc5821 <unknown>
#13 0x7f8bd682a1ca <unknown>
#14 0x7f8bd682a28b __libc_start_main
#15 0x565459d8d4ea _start

2025-06-08 21:35:41,423 - INFO - üéØ [46/84] Applying to: Data Scientist
2025-06-08 21:35:41,430 - ERROR -    ‚ùå Application failed: Message: invalid session id
Stacktrace:
#0 0x56545a35b71a <unknown>
#1 0x565459dfdef3 <unknown>
#2 0x565459e40f0f <unknown>
#3 0x565459e752a6 <unknown>
#4 0x565459e6fbe7 <unknown>
#5 0x565459e6ed25 <unknown>
#6 0x565459dc7a88 <unknown>
#7 0x56545a3208cb <unknown>
#8 0x56545a3247ca <unknown>
#9 0x56545a308622 <unknown>
#10 0x56545a325354 <unknown>
#11 0x56545a2ed45f <unknown>
#12 0x565459dc5821 <unknown>
#13 0x7f8bd682a1ca <unknown>
#14 0x7f8bd682a28b __libc_start_main
#15 0x565459d8d4ea _start

2025-06-08 21:35:41,431 - ERROR - Full error for Data Scientist:
Traceback (most recent call last):
  File "/home/runner/work/Applier-Workflow/Applier-Workflow/scripts/src/stealth_apply.py", line 149, in easy_apply
    driver.get(job_link)
  File "/opt/hostedtoolcache/Python/3.10.17/x64/lib/python3.10/site-packages/undetected_chromedriver/__init__.py", line 496, in get_wrapped
    if self.execute_script("return navigator.webdriver"):
  File "/opt/hostedtoolcache/Python/3.10.17/x64/lib/python3.10/site-packages/selenium/webdriver/remote/webdriver.py", line 544, in execute_script
    return self.execute(command, {"script": script, "args": converted_args})["value"]
  File "/opt/hostedtoolcache/Python/3.10.17/x64/lib/python3.10/site-packages/selenium/webdriver/remote/webdriver.py", line 447, in execute
    self.error_handler.check_response(response)
  File "/opt/hostedtoolcache/Python/3.10.17/x64/lib/python3.10/site-packages/selenium/webdriver/remote/errorhandler.py", line 232, in check_response
    raise exception_class(message, screen, stacktrace)
selenium.common.exceptions.InvalidSessionIdException: Message: invalid session id
Stacktrace:
#0 0x56545a35b71a <unknown>
#1 0x565459dfdef3 <unknown>
#2 0x565459e40f0f <unknown>
#3 0x565459e752a6 <unknown>
#4 0x565459e6fbe7 <unknown>
#5 0x565459e6ed25 <unknown>
#6 0x565459dc7a88 <unknown>
#7 0x56545a3208cb <unknown>
#8 0x56545a3247ca <unknown>
#9 0x56545a308622 <unknown>
#10 0x56545a325354 <unknown>
#11 0x56545a2ed45f <unknown>
#12 0x565459dc5821 <unknown>
#13 0x7f8bd682a1ca <unknown>
#14 0x7f8bd682a28b __libc_start_main
#15 0x565459d8d4ea _start

2025-06-08 21:35:52,360 - INFO - üéØ [47/84] Applying to: GenAI Data Scientist::Reston, VA
2025-06-08 21:35:52,367 - ERROR -    ‚ùå Application failed: Message: invalid session id
Stacktrace:
#0 0x56545a35b71a <unknown>
#1 0x565459dfdef3 <unknown>
#2 0x565459e40f0f <unknown>
#3 0x565459e752a6 <unknown>
#4 0x565459e6fbe7 <unknown>
#5 0x565459e6ed25 <unknown>
#6 0x565459dc7a88 <unknown>
#7 0x56545a3208cb <unknown>
#8 0x56545a3247ca <unknown>
#9 0x56545a308622 <unknown>
#10 0x56545a325354 <unknown>
#11 0x56545a2ed45f <unknown>
#12 0x565459dc5821 <unknown>
#13 0x7f8bd682a1ca <unknown>
#14 0x7f8bd682a28b __libc_start_main
#15 0x565459d8d4ea _start

2025-06-08 21:35:52,367 - ERROR - Full error for GenAI Data Scientist::Reston, VA:
Traceback (most recent call last):
  File "/home/runner/work/Applier-Workflow/Applier-Workflow/scripts/src/stealth_apply.py", line 149, in easy_apply
    driver.get(job_link)
  File "/opt/hostedtoolcache/Python/3.10.17/x64/lib/python3.10/site-packages/undetected_chromedriver/__init__.py", line 496, in get_wrapped
    if self.execute_script("return navigator.webdriver"):
  File "/opt/hostedtoolcache/Python/3.10.17/x64/lib/python3.10/site-packages/selenium/webdriver/remote/webdriver.py", line 544, in execute_script
    return self.execute(command, {"script": script, "args": converted_args})["value"]
  File "/opt/hostedtoolcache/Python/3.10.17/x64/lib/python3.10/site-packages/selenium/webdriver/remote/webdriver.py", line 447, in execute
    self.error_handler.check_response(response)
  File "/opt/hostedtoolcache/Python/3.10.17/x64/lib/python3.10/site-packages/selenium/webdriver/remote/errorhandler.py", line 232, in check_response
    raise exception_class(message, screen, stacktrace)
selenium.common.exceptions.InvalidSessionIdException: Message: invalid session id
Stacktrace:
#0 0x56545a35b71a <unknown>
#1 0x565459dfdef3 <unknown>
#2 0x565459e40f0f <unknown>
#3 0x565459e752a6 <unknown>
#4 0x565459e6fbe7 <unknown>
#5 0x565459e6ed25 <unknown>
#6 0x565459dc7a88 <unknown>
#7 0x56545a3208cb <unknown>
#8 0x56545a3247ca <unknown>
#9 0x56545a308622 <unknown>
#10 0x56545a325354 <unknown>
#11 0x56545a2ed45f <unknown>
#12 0x565459dc5821 <unknown>
#13 0x7f8bd682a1ca <unknown>
#14 0x7f8bd682a28b __libc_start_main
#15 0x565459d8d4ea _start

2025-06-08 21:36:01,040 - INFO - üéØ [48/84] Applying to: Systems / ML Engineer III
2025-06-08 21:36:01,048 - ERROR -    ‚ùå Application failed: Message: invalid session id
Stacktrace:
#0 0x56545a35b71a <unknown>
#1 0x565459dfdef3 <unknown>
#2 0x565459e40f0f <unknown>
#3 0x565459e752a6 <unknown>
#4 0x565459e6fbe7 <unknown>
#5 0x565459e6ed25 <unknown>
#6 0x565459dc7a88 <unknown>
#7 0x56545a3208cb <unknown>
#8 0x56545a3247ca <unknown>
#9 0x56545a308622 <unknown>
#10 0x56545a325354 <unknown>
#11 0x56545a2ed45f <unknown>
#12 0x565459dc5821 <unknown>
#13 0x7f8bd682a1ca <unknown>
#14 0x7f8bd682a28b __libc_start_main
#15 0x565459d8d4ea _start

2025-06-08 21:36:01,048 - ERROR - Full error for Systems / ML Engineer III:
Traceback (most recent call last):
  File "/home/runner/work/Applier-Workflow/Applier-Workflow/scripts/src/stealth_apply.py", line 149, in easy_apply
    driver.get(job_link)
  File "/opt/hostedtoolcache/Python/3.10.17/x64/lib/python3.10/site-packages/undetected_chromedriver/__init__.py", line 496, in get_wrapped
    if self.execute_script("return navigator.webdriver"):
  File "/opt/hostedtoolcache/Python/3.10.17/x64/lib/python3.10/site-packages/selenium/webdriver/remote/webdriver.py", line 544, in execute_script
    return self.execute(command, {"script": script, "args": converted_args})["value"]
  File "/opt/hostedtoolcache/Python/3.10.17/x64/lib/python3.10/site-packages/selenium/webdriver/remote/webdriver.py", line 447, in execute
    self.error_handler.check_response(response)
  File "/opt/hostedtoolcache/Python/3.10.17/x64/lib/python3.10/site-packages/selenium/webdriver/remote/errorhandler.py", line 232, in check_response
    raise exception_class(message, screen, stacktrace)
selenium.common.exceptions.InvalidSessionIdException: Message: invalid session id
Stacktrace:
#0 0x56545a35b71a <unknown>
#1 0x565459dfdef3 <unknown>
#2 0x565459e40f0f <unknown>
#3 0x565459e752a6 <unknown>
#4 0x565459e6fbe7 <unknown>
#5 0x565459e6ed25 <unknown>
#6 0x565459dc7a88 <unknown>
#7 0x56545a3208cb <unknown>
#8 0x56545a3247ca <unknown>
#9 0x56545a308622 <unknown>
#10 0x56545a325354 <unknown>
#11 0x56545a2ed45f <unknown>
#12 0x565459dc5821 <unknown>
#13 0x7f8bd682a1ca <unknown>
#14 0x7f8bd682a28b __libc_start_main
#15 0x565459d8d4ea _start

2025-06-08 21:36:06,668 - INFO - üéØ [49/84] Applying to: LLM Engineer_ Dallas, TX (Need Local)
2025-06-08 21:36:06,676 - ERROR -    ‚ùå Application failed: Message: invalid session id
Stacktrace:
#0 0x56545a35b71a <unknown>
#1 0x565459dfdef3 <unknown>
#2 0x565459e40f0f <unknown>
#3 0x565459e752a6 <unknown>
#4 0x565459e6fbe7 <unknown>
#5 0x565459e6ed25 <unknown>
#6 0x565459dc7a88 <unknown>
#7 0x56545a3208cb <unknown>
#8 0x56545a3247ca <unknown>
#9 0x56545a308622 <unknown>
#10 0x56545a325354 <unknown>
#11 0x56545a2ed45f <unknown>
#12 0x565459dc5821 <unknown>
#13 0x7f8bd682a1ca <unknown>
#14 0x7f8bd682a28b __libc_start_main
#15 0x565459d8d4ea _start

2025-06-08 21:36:06,676 - ERROR - Full error for LLM Engineer_ Dallas, TX (Need Local):
Traceback (most recent call last):
  File "/home/runner/work/Applier-Workflow/Applier-Workflow/scripts/src/stealth_apply.py", line 149, in easy_apply
    driver.get(job_link)
  File "/opt/hostedtoolcache/Python/3.10.17/x64/lib/python3.10/site-packages/undetected_chromedriver/__init__.py", line 496, in get_wrapped
    if self.execute_script("return navigator.webdriver"):
  File "/opt/hostedtoolcache/Python/3.10.17/x64/lib/python3.10/site-packages/selenium/webdriver/remote/webdriver.py", line 544, in execute_script
    return self.execute(command, {"script": script, "args": converted_args})["value"]
  File "/opt/hostedtoolcache/Python/3.10.17/x64/lib/python3.10/site-packages/selenium/webdriver/remote/webdriver.py", line 447, in execute
    self.error_handler.check_response(response)
  File "/opt/hostedtoolcache/Python/3.10.17/x64/lib/python3.10/site-packages/selenium/webdriver/remote/errorhandler.py", line 232, in check_response
    raise exception_class(message, screen, stacktrace)
selenium.common.exceptions.InvalidSessionIdException: Message: invalid session id
Stacktrace:
#0 0x56545a35b71a <unknown>
#1 0x565459dfdef3 <unknown>
#2 0x565459e40f0f <unknown>
#3 0x565459e752a6 <unknown>
#4 0x565459e6fbe7 <unknown>
#5 0x565459e6ed25 <unknown>
#6 0x565459dc7a88 <unknown>
#7 0x56545a3208cb <unknown>
#8 0x56545a3247ca <unknown>
#9 0x56545a308622 <unknown>
#10 0x56545a325354 <unknown>
#11 0x56545a2ed45f <unknown>
#12 0x565459dc5821 <unknown>
#13 0x7f8bd682a1ca <unknown>
#14 0x7f8bd682a28b __libc_start_main
#15 0x565459d8d4ea _start

2025-06-08 21:36:16,905 - INFO - üéØ [50/84] Applying to: Data Scientist
2025-06-08 21:36:16,912 - ERROR -    ‚ùå Application failed: Message: invalid session id
Stacktrace:
#0 0x56545a35b71a <unknown>
#1 0x565459dfdef3 <unknown>
#2 0x565459e40f0f <unknown>
#3 0x565459e752a6 <unknown>
#4 0x565459e6fbe7 <unknown>
#5 0x565459e6ed25 <unknown>
#6 0x565459dc7a88 <unknown>
#7 0x56545a3208cb <unknown>
#8 0x56545a3247ca <unknown>
#9 0x56545a308622 <unknown>
#10 0x56545a325354 <unknown>
#11 0x56545a2ed45f <unknown>
#12 0x565459dc5821 <unknown>
#13 0x7f8bd682a1ca <unknown>
#14 0x7f8bd682a28b __libc_start_main
#15 0x565459d8d4ea _start

2025-06-08 21:36:16,912 - ERROR - Full error for Data Scientist:
Traceback (most recent call last):
  File "/home/runner/work/Applier-Workflow/Applier-Workflow/scripts/src/stealth_apply.py", line 149, in easy_apply
    driver.get(job_link)
  File "/opt/hostedtoolcache/Python/3.10.17/x64/lib/python3.10/site-packages/undetected_chromedriver/__init__.py", line 496, in get_wrapped
    if self.execute_script("return navigator.webdriver"):
  File "/opt/hostedtoolcache/Python/3.10.17/x64/lib/python3.10/site-packages/selenium/webdriver/remote/webdriver.py", line 544, in execute_script
    return self.execute(command, {"script": script, "args": converted_args})["value"]
  File "/opt/hostedtoolcache/Python/3.10.17/x64/lib/python3.10/site-packages/selenium/webdriver/remote/webdriver.py", line 447, in execute
    self.error_handler.check_response(response)
  File "/opt/hostedtoolcache/Python/3.10.17/x64/lib/python3.10/site-packages/selenium/webdriver/remote/errorhandler.py", line 232, in check_response
    raise exception_class(message, screen, stacktrace)
selenium.common.exceptions.InvalidSessionIdException: Message: invalid session id
Stacktrace:
#0 0x56545a35b71a <unknown>
#1 0x565459dfdef3 <unknown>
#2 0x565459e40f0f <unknown>
#3 0x565459e752a6 <unknown>
#4 0x565459e6fbe7 <unknown>
#5 0x565459e6ed25 <unknown>
#6 0x565459dc7a88 <unknown>
#7 0x56545a3208cb <unknown>
#8 0x56545a3247ca <unknown>
#9 0x56545a308622 <unknown>
#10 0x56545a325354 <unknown>
#11 0x56545a2ed45f <unknown>
#12 0x565459dc5821 <unknown>
#13 0x7f8bd682a1ca <unknown>
#14 0x7f8bd682a28b __libc_start_main
#15 0x565459d8d4ea _start

2025-06-08 21:36:23,277 - INFO - üéØ [51/84] Applying to: Senior AI Solutions Architect
2025-06-08 21:36:23,284 - ERROR -    ‚ùå Application failed: Message: invalid session id
Stacktrace:
#0 0x56545a35b71a <unknown>
#1 0x565459dfdef3 <unknown>
#2 0x565459e40f0f <unknown>
#3 0x565459e752a6 <unknown>
#4 0x565459e6fbe7 <unknown>
#5 0x565459e6ed25 <unknown>
#6 0x565459dc7a88 <unknown>
#7 0x56545a3208cb <unknown>
#8 0x56545a3247ca <unknown>
#9 0x56545a308622 <unknown>
#10 0x56545a325354 <unknown>
#11 0x56545a2ed45f <unknown>
#12 0x565459dc5821 <unknown>
#13 0x7f8bd682a1ca <unknown>
#14 0x7f8bd682a28b __libc_start_main
#15 0x565459d8d4ea _start

2025-06-08 21:36:23,284 - ERROR - Full error for Senior AI Solutions Architect:
Traceback (most recent call last):
  File "/home/runner/work/Applier-Workflow/Applier-Workflow/scripts/src/stealth_apply.py", line 149, in easy_apply
    driver.get(job_link)
  File "/opt/hostedtoolcache/Python/3.10.17/x64/lib/python3.10/site-packages/undetected_chromedriver/__init__.py", line 496, in get_wrapped
    if self.execute_script("return navigator.webdriver"):
  File "/opt/hostedtoolcache/Python/3.10.17/x64/lib/python3.10/site-packages/selenium/webdriver/remote/webdriver.py", line 544, in execute_script
    return self.execute(command, {"script": script, "args": converted_args})["value"]
  File "/opt/hostedtoolcache/Python/3.10.17/x64/lib/python3.10/site-packages/selenium/webdriver/remote/webdriver.py", line 447, in execute
    self.error_handler.check_response(response)
  File "/opt/hostedtoolcache/Python/3.10.17/x64/lib/python3.10/site-packages/selenium/webdriver/remote/errorhandler.py", line 232, in check_response
    raise exception_class(message, screen, stacktrace)
selenium.common.exceptions.InvalidSessionIdException: Message: invalid session id
Stacktrace:
#0 0x56545a35b71a <unknown>
#1 0x565459dfdef3 <unknown>
#2 0x565459e40f0f <unknown>
#3 0x565459e752a6 <unknown>
#4 0x565459e6fbe7 <unknown>
#5 0x565459e6ed25 <unknown>
#6 0x565459dc7a88 <unknown>
#7 0x56545a3208cb <unknown>
#8 0x56545a3247ca <unknown>
#9 0x56545a308622 <unknown>
#10 0x56545a325354 <unknown>
#11 0x56545a2ed45f <unknown>
#12 0x565459dc5821 <unknown>
#13 0x7f8bd682a1ca <unknown>
#14 0x7f8bd682a28b __libc_start_main
#15 0x565459d8d4ea _start

2025-06-08 21:36:35,073 - INFO - üéØ [52/84] Applying to: GenAI Architect
2025-06-08 21:36:35,080 - ERROR -    ‚ùå Application failed: Message: invalid session id
Stacktrace:
#0 0x56545a35b71a <unknown>
#1 0x565459dfdef3 <unknown>
#2 0x565459e40f0f <unknown>
#3 0x565459e752a6 <unknown>
#4 0x565459e6fbe7 <unknown>
#5 0x565459e6ed25 <unknown>
#6 0x565459dc7a88 <unknown>
#7 0x56545a3208cb <unknown>
#8 0x56545a3247ca <unknown>
#9 0x56545a308622 <unknown>
#10 0x56545a325354 <unknown>
#11 0x56545a2ed45f <unknown>
#12 0x565459dc5821 <unknown>
#13 0x7f8bd682a1ca <unknown>
#14 0x7f8bd682a28b __libc_start_main
#15 0x565459d8d4ea _start

2025-06-08 21:36:35,080 - ERROR - Full error for GenAI Architect:
Traceback (most recent call last):
  File "/home/runner/work/Applier-Workflow/Applier-Workflow/scripts/src/stealth_apply.py", line 149, in easy_apply
    driver.get(job_link)
  File "/opt/hostedtoolcache/Python/3.10.17/x64/lib/python3.10/site-packages/undetected_chromedriver/__init__.py", line 496, in get_wrapped
    if self.execute_script("return navigator.webdriver"):
  File "/opt/hostedtoolcache/Python/3.10.17/x64/lib/python3.10/site-packages/selenium/webdriver/remote/webdriver.py", line 544, in execute_script
    return self.execute(command, {"script": script, "args": converted_args})["value"]
  File "/opt/hostedtoolcache/Python/3.10.17/x64/lib/python3.10/site-packages/selenium/webdriver/remote/webdriver.py", line 447, in execute
    self.error_handler.check_response(response)
  File "/opt/hostedtoolcache/Python/3.10.17/x64/lib/python3.10/site-packages/selenium/webdriver/remote/errorhandler.py", line 232, in check_response
    raise exception_class(message, screen, stacktrace)
selenium.common.exceptions.InvalidSessionIdException: Message: invalid session id
Stacktrace:
#0 0x56545a35b71a <unknown>
#1 0x565459dfdef3 <unknown>
#2 0x565459e40f0f <unknown>
#3 0x565459e752a6 <unknown>
#4 0x565459e6fbe7 <unknown>
#5 0x565459e6ed25 <unknown>
#6 0x565459dc7a88 <unknown>
#7 0x56545a3208cb <unknown>
#8 0x56545a3247ca <unknown>
#9 0x56545a308622 <unknown>
#10 0x56545a325354 <unknown>
#11 0x56545a2ed45f <unknown>
#12 0x565459dc5821 <unknown>
#13 0x7f8bd682a1ca <unknown>
#14 0x7f8bd682a28b __libc_start_main
#15 0x565459d8d4ea _start

2025-06-08 21:36:42,658 - INFO - üéØ [53/84] Applying to: AI Engineer
2025-06-08 21:36:42,666 - ERROR -    ‚ùå Application failed: Message: invalid session id
Stacktrace:
#0 0x56545a35b71a <unknown>
#1 0x565459dfdef3 <unknown>
#2 0x565459e40f0f <unknown>
#3 0x565459e752a6 <unknown>
#4 0x565459e6fbe7 <unknown>
#5 0x565459e6ed25 <unknown>
#6 0x565459dc7a88 <unknown>
#7 0x56545a3208cb <unknown>
#8 0x56545a3247ca <unknown>
#9 0x56545a308622 <unknown>
#10 0x56545a325354 <unknown>
#11 0x56545a2ed45f <unknown>
#12 0x565459dc5821 <unknown>
#13 0x7f8bd682a1ca <unknown>
#14 0x7f8bd682a28b __libc_start_main
#15 0x565459d8d4ea _start

2025-06-08 21:36:42,666 - ERROR - Full error for AI Engineer:
Traceback (most recent call last):
  File "/home/runner/work/Applier-Workflow/Applier-Workflow/scripts/src/stealth_apply.py", line 149, in easy_apply
    driver.get(job_link)
  File "/opt/hostedtoolcache/Python/3.10.17/x64/lib/python3.10/site-packages/undetected_chromedriver/__init__.py", line 496, in get_wrapped
    if self.execute_script("return navigator.webdriver"):
  File "/opt/hostedtoolcache/Python/3.10.17/x64/lib/python3.10/site-packages/selenium/webdriver/remote/webdriver.py", line 544, in execute_script
    return self.execute(command, {"script": script, "args": converted_args})["value"]
  File "/opt/hostedtoolcache/Python/3.10.17/x64/lib/python3.10/site-packages/selenium/webdriver/remote/webdriver.py", line 447, in execute
    self.error_handler.check_response(response)
  File "/opt/hostedtoolcache/Python/3.10.17/x64/lib/python3.10/site-packages/selenium/webdriver/remote/errorhandler.py", line 232, in check_response
    raise exception_class(message, screen, stacktrace)
selenium.common.exceptions.InvalidSessionIdException: Message: invalid session id
Stacktrace:
#0 0x56545a35b71a <unknown>
#1 0x565459dfdef3 <unknown>
#2 0x565459e40f0f <unknown>
#3 0x565459e752a6 <unknown>
#4 0x565459e6fbe7 <unknown>
#5 0x565459e6ed25 <unknown>
#6 0x565459dc7a88 <unknown>
#7 0x56545a3208cb <unknown>
#8 0x56545a3247ca <unknown>
#9 0x56545a308622 <unknown>
#10 0x56545a325354 <unknown>
#11 0x56545a2ed45f <unknown>
#12 0x565459dc5821 <unknown>
#13 0x7f8bd682a1ca <unknown>
#14 0x7f8bd682a28b __libc_start_main
#15 0x565459d8d4ea _start

2025-06-08 21:36:51,355 - INFO - üéØ [54/84] Applying to: Data Platform Lead- Local, In-Office
2025-06-08 21:36:51,362 - ERROR -    ‚ùå Application failed: Message: invalid session id
Stacktrace:
#0 0x56545a35b71a <unknown>
#1 0x565459dfdef3 <unknown>
#2 0x565459e40f0f <unknown>
#3 0x565459e752a6 <unknown>
#4 0x565459e6fbe7 <unknown>
#5 0x565459e6ed25 <unknown>
#6 0x565459dc7a88 <unknown>
#7 0x56545a3208cb <unknown>
#8 0x56545a3247ca <unknown>
#9 0x56545a308622 <unknown>
#10 0x56545a325354 <unknown>
#11 0x56545a2ed45f <unknown>
#12 0x565459dc5821 <unknown>
#13 0x7f8bd682a1ca <unknown>
#14 0x7f8bd682a28b __libc_start_main
#15 0x565459d8d4ea _start

2025-06-08 21:36:51,362 - ERROR - Full error for Data Platform Lead- Local, In-Office:
Traceback (most recent call last):
  File "/home/runner/work/Applier-Workflow/Applier-Workflow/scripts/src/stealth_apply.py", line 149, in easy_apply
    driver.get(job_link)
  File "/opt/hostedtoolcache/Python/3.10.17/x64/lib/python3.10/site-packages/undetected_chromedriver/__init__.py", line 496, in get_wrapped
    if self.execute_script("return navigator.webdriver"):
  File "/opt/hostedtoolcache/Python/3.10.17/x64/lib/python3.10/site-packages/selenium/webdriver/remote/webdriver.py", line 544, in execute_script
    return self.execute(command, {"script": script, "args": converted_args})["value"]
  File "/opt/hostedtoolcache/Python/3.10.17/x64/lib/python3.10/site-packages/selenium/webdriver/remote/webdriver.py", line 447, in execute
    self.error_handler.check_response(response)
  File "/opt/hostedtoolcache/Python/3.10.17/x64/lib/python3.10/site-packages/selenium/webdriver/remote/errorhandler.py", line 232, in check_response
    raise exception_class(message, screen, stacktrace)
selenium.common.exceptions.InvalidSessionIdException: Message: invalid session id
Stacktrace:
#0 0x56545a35b71a <unknown>
#1 0x565459dfdef3 <unknown>
#2 0x565459e40f0f <unknown>
#3 0x565459e752a6 <unknown>
#4 0x565459e6fbe7 <unknown>
#5 0x565459e6ed25 <unknown>
#6 0x565459dc7a88 <unknown>
#7 0x56545a3208cb <unknown>
#8 0x56545a3247ca <unknown>
#9 0x56545a308622 <unknown>
#10 0x56545a325354 <unknown>
#11 0x56545a2ed45f <unknown>
#12 0x565459dc5821 <unknown>
#13 0x7f8bd682a1ca <unknown>
#14 0x7f8bd682a28b __libc_start_main
#15 0x565459d8d4ea _start

2025-06-08 21:36:59,701 - INFO - üéØ [55/84] Applying to: Senior Data Scientist
2025-06-08 21:36:59,708 - ERROR -    ‚ùå Application failed: Message: invalid session id
Stacktrace:
#0 0x56545a35b71a <unknown>
#1 0x565459dfdef3 <unknown>
#2 0x565459e40f0f <unknown>
#3 0x565459e752a6 <unknown>
#4 0x565459e6fbe7 <unknown>
#5 0x565459e6ed25 <unknown>
#6 0x565459dc7a88 <unknown>
#7 0x56545a3208cb <unknown>
#8 0x56545a3247ca <unknown>
#9 0x56545a308622 <unknown>
#10 0x56545a325354 <unknown>
#11 0x56545a2ed45f <unknown>
#12 0x565459dc5821 <unknown>
#13 0x7f8bd682a1ca <unknown>
#14 0x7f8bd682a28b __libc_start_main
#15 0x565459d8d4ea _start

2025-06-08 21:36:59,708 - ERROR - Full error for Senior Data Scientist:
Traceback (most recent call last):
  File "/home/runner/work/Applier-Workflow/Applier-Workflow/scripts/src/stealth_apply.py", line 149, in easy_apply
    driver.get(job_link)
  File "/opt/hostedtoolcache/Python/3.10.17/x64/lib/python3.10/site-packages/undetected_chromedriver/__init__.py", line 496, in get_wrapped
    if self.execute_script("return navigator.webdriver"):
  File "/opt/hostedtoolcache/Python/3.10.17/x64/lib/python3.10/site-packages/selenium/webdriver/remote/webdriver.py", line 544, in execute_script
    return self.execute(command, {"script": script, "args": converted_args})["value"]
  File "/opt/hostedtoolcache/Python/3.10.17/x64/lib/python3.10/site-packages/selenium/webdriver/remote/webdriver.py", line 447, in execute
    self.error_handler.check_response(response)
  File "/opt/hostedtoolcache/Python/3.10.17/x64/lib/python3.10/site-packages/selenium/webdriver/remote/errorhandler.py", line 232, in check_response
    raise exception_class(message, screen, stacktrace)
selenium.common.exceptions.InvalidSessionIdException: Message: invalid session id
Stacktrace:
#0 0x56545a35b71a <unknown>
#1 0x565459dfdef3 <unknown>
#2 0x565459e40f0f <unknown>
#3 0x565459e752a6 <unknown>
#4 0x565459e6fbe7 <unknown>
#5 0x565459e6ed25 <unknown>
#6 0x565459dc7a88 <unknown>
#7 0x56545a3208cb <unknown>
#8 0x56545a3247ca <unknown>
#9 0x56545a308622 <unknown>
#10 0x56545a325354 <unknown>
#11 0x56545a2ed45f <unknown>
#12 0x565459dc5821 <unknown>
#13 0x7f8bd682a1ca <unknown>
#14 0x7f8bd682a28b __libc_start_main
#15 0x565459d8d4ea _start

2025-06-08 21:37:06,848 - INFO - üéØ [56/84] Applying to: Digital or Speech AI Engineer with IVR & Speech Tuning | Remote
2025-06-08 21:37:06,855 - ERROR -    ‚ùå Application failed: Message: invalid session id
Stacktrace:
#0 0x56545a35b71a <unknown>
#1 0x565459dfdef3 <unknown>
#2 0x565459e40f0f <unknown>
#3 0x565459e752a6 <unknown>
#4 0x565459e6fbe7 <unknown>
#5 0x565459e6ed25 <unknown>
#6 0x565459dc7a88 <unknown>
#7 0x56545a3208cb <unknown>
#8 0x56545a3247ca <unknown>
#9 0x56545a308622 <unknown>
#10 0x56545a325354 <unknown>
#11 0x56545a2ed45f <unknown>
#12 0x565459dc5821 <unknown>
#13 0x7f8bd682a1ca <unknown>
#14 0x7f8bd682a28b __libc_start_main
#15 0x565459d8d4ea _start

2025-06-08 21:37:06,855 - ERROR - Full error for Digital or Speech AI Engineer with IVR & Speech Tuning | Remote:
Traceback (most recent call last):
  File "/home/runner/work/Applier-Workflow/Applier-Workflow/scripts/src/stealth_apply.py", line 149, in easy_apply
    driver.get(job_link)
  File "/opt/hostedtoolcache/Python/3.10.17/x64/lib/python3.10/site-packages/undetected_chromedriver/__init__.py", line 496, in get_wrapped
    if self.execute_script("return navigator.webdriver"):
  File "/opt/hostedtoolcache/Python/3.10.17/x64/lib/python3.10/site-packages/selenium/webdriver/remote/webdriver.py", line 544, in execute_script
    return self.execute(command, {"script": script, "args": converted_args})["value"]
  File "/opt/hostedtoolcache/Python/3.10.17/x64/lib/python3.10/site-packages/selenium/webdriver/remote/webdriver.py", line 447, in execute
    self.error_handler.check_response(response)
  File "/opt/hostedtoolcache/Python/3.10.17/x64/lib/python3.10/site-packages/selenium/webdriver/remote/errorhandler.py", line 232, in check_response
    raise exception_class(message, screen, stacktrace)
selenium.common.exceptions.InvalidSessionIdException: Message: invalid session id
Stacktrace:
#0 0x56545a35b71a <unknown>
#1 0x565459dfdef3 <unknown>
#2 0x565459e40f0f <unknown>
#3 0x565459e752a6 <unknown>
#4 0x565459e6fbe7 <unknown>
#5 0x565459e6ed25 <unknown>
#6 0x565459dc7a88 <unknown>
#7 0x56545a3208cb <unknown>
#8 0x56545a3247ca <unknown>
#9 0x56545a308622 <unknown>
#10 0x56545a325354 <unknown>
#11 0x56545a2ed45f <unknown>
#12 0x565459dc5821 <unknown>
#13 0x7f8bd682a1ca <unknown>
#14 0x7f8bd682a28b __libc_start_main
#15 0x565459d8d4ea _start

2025-06-08 21:37:14,828 - INFO - üéØ [57/84] Applying to: Generative AI Developer-Microsoft Stack (Python)
2025-06-08 21:37:14,836 - ERROR -    ‚ùå Application failed: Message: invalid session id
Stacktrace:
#0 0x56545a35b71a <unknown>
#1 0x565459dfdef3 <unknown>
#2 0x565459e40f0f <unknown>
#3 0x565459e752a6 <unknown>
#4 0x565459e6fbe7 <unknown>
#5 0x565459e6ed25 <unknown>
#6 0x565459dc7a88 <unknown>
#7 0x56545a3208cb <unknown>
#8 0x56545a3247ca <unknown>
#9 0x56545a308622 <unknown>
#10 0x56545a325354 <unknown>
#11 0x56545a2ed45f <unknown>
#12 0x565459dc5821 <unknown>
#13 0x7f8bd682a1ca <unknown>
#14 0x7f8bd682a28b __libc_start_main
#15 0x565459d8d4ea _start

2025-06-08 21:37:14,836 - ERROR - Full error for Generative AI Developer-Microsoft Stack (Python):
Traceback (most recent call last):
  File "/home/runner/work/Applier-Workflow/Applier-Workflow/scripts/src/stealth_apply.py", line 149, in easy_apply
    driver.get(job_link)
  File "/opt/hostedtoolcache/Python/3.10.17/x64/lib/python3.10/site-packages/undetected_chromedriver/__init__.py", line 496, in get_wrapped
    if self.execute_script("return navigator.webdriver"):
  File "/opt/hostedtoolcache/Python/3.10.17/x64/lib/python3.10/site-packages/selenium/webdriver/remote/webdriver.py", line 544, in execute_script
    return self.execute(command, {"script": script, "args": converted_args})["value"]
  File "/opt/hostedtoolcache/Python/3.10.17/x64/lib/python3.10/site-packages/selenium/webdriver/remote/webdriver.py", line 447, in execute
    self.error_handler.check_response(response)
  File "/opt/hostedtoolcache/Python/3.10.17/x64/lib/python3.10/site-packages/selenium/webdriver/remote/errorhandler.py", line 232, in check_response
    raise exception_class(message, screen, stacktrace)
selenium.common.exceptions.InvalidSessionIdException: Message: invalid session id
Stacktrace:
#0 0x56545a35b71a <unknown>
#1 0x565459dfdef3 <unknown>
#2 0x565459e40f0f <unknown>
#3 0x565459e752a6 <unknown>
#4 0x565459e6fbe7 <unknown>
#5 0x565459e6ed25 <unknown>
#6 0x565459dc7a88 <unknown>
#7 0x56545a3208cb <unknown>
#8 0x56545a3247ca <unknown>
#9 0x56545a308622 <unknown>
#10 0x56545a325354 <unknown>
#11 0x56545a2ed45f <unknown>
#12 0x565459dc5821 <unknown>
#13 0x7f8bd682a1ca <unknown>
#14 0x7f8bd682a28b __libc_start_main
#15 0x565459d8d4ea _start

2025-06-08 21:37:22,763 - INFO - üéØ [58/84] Applying to: Azure Data Engineer
2025-06-08 21:37:22,770 - ERROR -    ‚ùå Application failed: Message: invalid session id
Stacktrace:
#0 0x56545a35b71a <unknown>
#1 0x565459dfdef3 <unknown>
#2 0x565459e40f0f <unknown>
#3 0x565459e752a6 <unknown>
#4 0x565459e6fbe7 <unknown>
#5 0x565459e6ed25 <unknown>
#6 0x565459dc7a88 <unknown>
#7 0x56545a3208cb <unknown>
#8 0x56545a3247ca <unknown>
#9 0x56545a308622 <unknown>
#10 0x56545a325354 <unknown>
#11 0x56545a2ed45f <unknown>
#12 0x565459dc5821 <unknown>
#13 0x7f8bd682a1ca <unknown>
#14 0x7f8bd682a28b __libc_start_main
#15 0x565459d8d4ea _start

2025-06-08 21:37:22,770 - ERROR - Full error for Azure Data Engineer:
Traceback (most recent call last):
  File "/home/runner/work/Applier-Workflow/Applier-Workflow/scripts/src/stealth_apply.py", line 149, in easy_apply
    driver.get(job_link)
  File "/opt/hostedtoolcache/Python/3.10.17/x64/lib/python3.10/site-packages/undetected_chromedriver/__init__.py", line 496, in get_wrapped
    if self.execute_script("return navigator.webdriver"):
  File "/opt/hostedtoolcache/Python/3.10.17/x64/lib/python3.10/site-packages/selenium/webdriver/remote/webdriver.py", line 544, in execute_script
    return self.execute(command, {"script": script, "args": converted_args})["value"]
  File "/opt/hostedtoolcache/Python/3.10.17/x64/lib/python3.10/site-packages/selenium/webdriver/remote/webdriver.py", line 447, in execute
    self.error_handler.check_response(response)
  File "/opt/hostedtoolcache/Python/3.10.17/x64/lib/python3.10/site-packages/selenium/webdriver/remote/errorhandler.py", line 232, in check_response
    raise exception_class(message, screen, stacktrace)
selenium.common.exceptions.InvalidSessionIdException: Message: invalid session id
Stacktrace:
#0 0x56545a35b71a <unknown>
#1 0x565459dfdef3 <unknown>
#2 0x565459e40f0f <unknown>
#3 0x565459e752a6 <unknown>
#4 0x565459e6fbe7 <unknown>
#5 0x565459e6ed25 <unknown>
#6 0x565459dc7a88 <unknown>
#7 0x56545a3208cb <unknown>
#8 0x56545a3247ca <unknown>
#9 0x56545a308622 <unknown>
#10 0x56545a325354 <unknown>
#11 0x56545a2ed45f <unknown>
#12 0x565459dc5821 <unknown>
#13 0x7f8bd682a1ca <unknown>
#14 0x7f8bd682a28b __libc_start_main
#15 0x565459d8d4ea _start

2025-06-08 21:37:31,570 - INFO - üéØ [59/84] Applying to: Gen AI engineer
2025-06-08 21:37:31,577 - ERROR -    ‚ùå Application failed: Message: invalid session id
Stacktrace:
#0 0x56545a35b71a <unknown>
#1 0x565459dfdef3 <unknown>
#2 0x565459e40f0f <unknown>
#3 0x565459e752a6 <unknown>
#4 0x565459e6fbe7 <unknown>
#5 0x565459e6ed25 <unknown>
#6 0x565459dc7a88 <unknown>
#7 0x56545a3208cb <unknown>
#8 0x56545a3247ca <unknown>
#9 0x56545a308622 <unknown>
#10 0x56545a325354 <unknown>
#11 0x56545a2ed45f <unknown>
#12 0x565459dc5821 <unknown>
#13 0x7f8bd682a1ca <unknown>
#14 0x7f8bd682a28b __libc_start_main
#15 0x565459d8d4ea _start

2025-06-08 21:37:31,578 - ERROR - Full error for Gen AI engineer:
Traceback (most recent call last):
  File "/home/runner/work/Applier-Workflow/Applier-Workflow/scripts/src/stealth_apply.py", line 149, in easy_apply
    driver.get(job_link)
  File "/opt/hostedtoolcache/Python/3.10.17/x64/lib/python3.10/site-packages/undetected_chromedriver/__init__.py", line 496, in get_wrapped
    if self.execute_script("return navigator.webdriver"):
  File "/opt/hostedtoolcache/Python/3.10.17/x64/lib/python3.10/site-packages/selenium/webdriver/remote/webdriver.py", line 544, in execute_script
    return self.execute(command, {"script": script, "args": converted_args})["value"]
  File "/opt/hostedtoolcache/Python/3.10.17/x64/lib/python3.10/site-packages/selenium/webdriver/remote/webdriver.py", line 447, in execute
    self.error_handler.check_response(response)
  File "/opt/hostedtoolcache/Python/3.10.17/x64/lib/python3.10/site-packages/selenium/webdriver/remote/errorhandler.py", line 232, in check_response
    raise exception_class(message, screen, stacktrace)
selenium.common.exceptions.InvalidSessionIdException: Message: invalid session id
Stacktrace:
#0 0x56545a35b71a <unknown>
#1 0x565459dfdef3 <unknown>
#2 0x565459e40f0f <unknown>
#3 0x565459e752a6 <unknown>
#4 0x565459e6fbe7 <unknown>
#5 0x565459e6ed25 <unknown>
#6 0x565459dc7a88 <unknown>
#7 0x56545a3208cb <unknown>
#8 0x56545a3247ca <unknown>
#9 0x56545a308622 <unknown>
#10 0x56545a325354 <unknown>
#11 0x56545a2ed45f <unknown>
#12 0x565459dc5821 <unknown>
#13 0x7f8bd682a1ca <unknown>
#14 0x7f8bd682a28b __libc_start_main
#15 0x565459d8d4ea _start

2025-06-08 21:37:38,667 - INFO - üéØ [60/84] Applying to: Sr Technical Writer-Must have Machine Learning product
2025-06-08 21:37:38,675 - ERROR -    ‚ùå Application failed: Message: invalid session id
Stacktrace:
#0 0x56545a35b71a <unknown>
#1 0x565459dfdef3 <unknown>
#2 0x565459e40f0f <unknown>
#3 0x565459e752a6 <unknown>
#4 0x565459e6fbe7 <unknown>
#5 0x565459e6ed25 <unknown>
#6 0x565459dc7a88 <unknown>
#7 0x56545a3208cb <unknown>
#8 0x56545a3247ca <unknown>
#9 0x56545a308622 <unknown>
#10 0x56545a325354 <unknown>
#11 0x56545a2ed45f <unknown>
#12 0x565459dc5821 <unknown>
#13 0x7f8bd682a1ca <unknown>
#14 0x7f8bd682a28b __libc_start_main
#15 0x565459d8d4ea _start

2025-06-08 21:37:38,675 - ERROR - Full error for Sr Technical Writer-Must have Machine Learning product:
Traceback (most recent call last):
  File "/home/runner/work/Applier-Workflow/Applier-Workflow/scripts/src/stealth_apply.py", line 149, in easy_apply
    driver.get(job_link)
  File "/opt/hostedtoolcache/Python/3.10.17/x64/lib/python3.10/site-packages/undetected_chromedriver/__init__.py", line 496, in get_wrapped
    if self.execute_script("return navigator.webdriver"):
  File "/opt/hostedtoolcache/Python/3.10.17/x64/lib/python3.10/site-packages/selenium/webdriver/remote/webdriver.py", line 544, in execute_script
    return self.execute(command, {"script": script, "args": converted_args})["value"]
  File "/opt/hostedtoolcache/Python/3.10.17/x64/lib/python3.10/site-packages/selenium/webdriver/remote/webdriver.py", line 447, in execute
    self.error_handler.check_response(response)
  File "/opt/hostedtoolcache/Python/3.10.17/x64/lib/python3.10/site-packages/selenium/webdriver/remote/errorhandler.py", line 232, in check_response
    raise exception_class(message, screen, stacktrace)
selenium.common.exceptions.InvalidSessionIdException: Message: invalid session id
Stacktrace:
#0 0x56545a35b71a <unknown>
#1 0x565459dfdef3 <unknown>
#2 0x565459e40f0f <unknown>
#3 0x565459e752a6 <unknown>
#4 0x565459e6fbe7 <unknown>
#5 0x565459e6ed25 <unknown>
#6 0x565459dc7a88 <unknown>
#7 0x56545a3208cb <unknown>
#8 0x56545a3247ca <unknown>
#9 0x56545a308622 <unknown>
#10 0x56545a325354 <unknown>
#11 0x56545a2ed45f <unknown>
#12 0x565459dc5821 <unknown>
#13 0x7f8bd682a1ca <unknown>
#14 0x7f8bd682a28b __libc_start_main
#15 0x565459d8d4ea _start

2025-06-08 21:37:48,245 - INFO - üéØ [61/84] Applying to: Teradata ML Data Scientist
2025-06-08 21:37:48,252 - ERROR -    ‚ùå Application failed: Message: invalid session id
Stacktrace:
#0 0x56545a35b71a <unknown>
#1 0x565459dfdef3 <unknown>
#2 0x565459e40f0f <unknown>
#3 0x565459e752a6 <unknown>
#4 0x565459e6fbe7 <unknown>
#5 0x565459e6ed25 <unknown>
#6 0x565459dc7a88 <unknown>
#7 0x56545a3208cb <unknown>
#8 0x56545a3247ca <unknown>
#9 0x56545a308622 <unknown>
#10 0x56545a325354 <unknown>
#11 0x56545a2ed45f <unknown>
#12 0x565459dc5821 <unknown>
#13 0x7f8bd682a1ca <unknown>
#14 0x7f8bd682a28b __libc_start_main
#15 0x565459d8d4ea _start

2025-06-08 21:37:48,252 - ERROR - Full error for Teradata ML Data Scientist:
Traceback (most recent call last):
  File "/home/runner/work/Applier-Workflow/Applier-Workflow/scripts/src/stealth_apply.py", line 149, in easy_apply
    driver.get(job_link)
  File "/opt/hostedtoolcache/Python/3.10.17/x64/lib/python3.10/site-packages/undetected_chromedriver/__init__.py", line 496, in get_wrapped
    if self.execute_script("return navigator.webdriver"):
  File "/opt/hostedtoolcache/Python/3.10.17/x64/lib/python3.10/site-packages/selenium/webdriver/remote/webdriver.py", line 544, in execute_script
    return self.execute(command, {"script": script, "args": converted_args})["value"]
  File "/opt/hostedtoolcache/Python/3.10.17/x64/lib/python3.10/site-packages/selenium/webdriver/remote/webdriver.py", line 447, in execute
    self.error_handler.check_response(response)
  File "/opt/hostedtoolcache/Python/3.10.17/x64/lib/python3.10/site-packages/selenium/webdriver/remote/errorhandler.py", line 232, in check_response
    raise exception_class(message, screen, stacktrace)
selenium.common.exceptions.InvalidSessionIdException: Message: invalid session id
Stacktrace:
#0 0x56545a35b71a <unknown>
#1 0x565459dfdef3 <unknown>
#2 0x565459e40f0f <unknown>
#3 0x565459e752a6 <unknown>
#4 0x565459e6fbe7 <unknown>
#5 0x565459e6ed25 <unknown>
#6 0x565459dc7a88 <unknown>
#7 0x56545a3208cb <unknown>
#8 0x56545a3247ca <unknown>
#9 0x56545a308622 <unknown>
#10 0x56545a325354 <unknown>
#11 0x56545a2ed45f <unknown>
#12 0x565459dc5821 <unknown>
#13 0x7f8bd682a1ca <unknown>
#14 0x7f8bd682a28b __libc_start_main
#15 0x565459d8d4ea _start

2025-06-08 21:37:57,459 - INFO - üéØ [62/84] Applying to: AI Engineer
2025-06-08 21:37:57,466 - ERROR -    ‚ùå Application failed: Message: invalid session id
Stacktrace:
#0 0x56545a35b71a <unknown>
#1 0x565459dfdef3 <unknown>
#2 0x565459e40f0f <unknown>
#3 0x565459e752a6 <unknown>
#4 0x565459e6fbe7 <unknown>
#5 0x565459e6ed25 <unknown>
#6 0x565459dc7a88 <unknown>
#7 0x56545a3208cb <unknown>
#8 0x56545a3247ca <unknown>
#9 0x56545a308622 <unknown>
#10 0x56545a325354 <unknown>
#11 0x56545a2ed45f <unknown>
#12 0x565459dc5821 <unknown>
#13 0x7f8bd682a1ca <unknown>
#14 0x7f8bd682a28b __libc_start_main
#15 0x565459d8d4ea _start

2025-06-08 21:37:57,467 - ERROR - Full error for AI Engineer:
Traceback (most recent call last):
  File "/home/runner/work/Applier-Workflow/Applier-Workflow/scripts/src/stealth_apply.py", line 149, in easy_apply
    driver.get(job_link)
  File "/opt/hostedtoolcache/Python/3.10.17/x64/lib/python3.10/site-packages/undetected_chromedriver/__init__.py", line 496, in get_wrapped
    if self.execute_script("return navigator.webdriver"):
  File "/opt/hostedtoolcache/Python/3.10.17/x64/lib/python3.10/site-packages/selenium/webdriver/remote/webdriver.py", line 544, in execute_script
    return self.execute(command, {"script": script, "args": converted_args})["value"]
  File "/opt/hostedtoolcache/Python/3.10.17/x64/lib/python3.10/site-packages/selenium/webdriver/remote/webdriver.py", line 447, in execute
    self.error_handler.check_response(response)
  File "/opt/hostedtoolcache/Python/3.10.17/x64/lib/python3.10/site-packages/selenium/webdriver/remote/errorhandler.py", line 232, in check_response
    raise exception_class(message, screen, stacktrace)
selenium.common.exceptions.InvalidSessionIdException: Message: invalid session id
Stacktrace:
#0 0x56545a35b71a <unknown>
#1 0x565459dfdef3 <unknown>
#2 0x565459e40f0f <unknown>
#3 0x565459e752a6 <unknown>
#4 0x565459e6fbe7 <unknown>
#5 0x565459e6ed25 <unknown>
#6 0x565459dc7a88 <unknown>
#7 0x56545a3208cb <unknown>
#8 0x56545a3247ca <unknown>
#9 0x56545a308622 <unknown>
#10 0x56545a325354 <unknown>
#11 0x56545a2ed45f <unknown>
#12 0x565459dc5821 <unknown>
#13 0x7f8bd682a1ca <unknown>
#14 0x7f8bd682a28b __libc_start_main
#15 0x565459d8d4ea _start

2025-06-08 21:38:06,073 - INFO - üéØ [63/84] Applying to: Data Scientist
2025-06-08 21:38:06,080 - ERROR -    ‚ùå Application failed: Message: invalid session id
Stacktrace:
#0 0x56545a35b71a <unknown>
#1 0x565459dfdef3 <unknown>
#2 0x565459e40f0f <unknown>
#3 0x565459e752a6 <unknown>
#4 0x565459e6fbe7 <unknown>
#5 0x565459e6ed25 <unknown>
#6 0x565459dc7a88 <unknown>
#7 0x56545a3208cb <unknown>
#8 0x56545a3247ca <unknown>
#9 0x56545a308622 <unknown>
#10 0x56545a325354 <unknown>
#11 0x56545a2ed45f <unknown>
#12 0x565459dc5821 <unknown>
#13 0x7f8bd682a1ca <unknown>
#14 0x7f8bd682a28b __libc_start_main
#15 0x565459d8d4ea _start

2025-06-08 21:38:06,080 - ERROR - Full error for Data Scientist:
Traceback (most recent call last):
  File "/home/runner/work/Applier-Workflow/Applier-Workflow/scripts/src/stealth_apply.py", line 149, in easy_apply
    driver.get(job_link)
  File "/opt/hostedtoolcache/Python/3.10.17/x64/lib/python3.10/site-packages/undetected_chromedriver/__init__.py", line 496, in get_wrapped
    if self.execute_script("return navigator.webdriver"):
  File "/opt/hostedtoolcache/Python/3.10.17/x64/lib/python3.10/site-packages/selenium/webdriver/remote/webdriver.py", line 544, in execute_script
    return self.execute(command, {"script": script, "args": converted_args})["value"]
  File "/opt/hostedtoolcache/Python/3.10.17/x64/lib/python3.10/site-packages/selenium/webdriver/remote/webdriver.py", line 447, in execute
    self.error_handler.check_response(response)
  File "/opt/hostedtoolcache/Python/3.10.17/x64/lib/python3.10/site-packages/selenium/webdriver/remote/errorhandler.py", line 232, in check_response
    raise exception_class(message, screen, stacktrace)
selenium.common.exceptions.InvalidSessionIdException: Message: invalid session id
Stacktrace:
#0 0x56545a35b71a <unknown>
#1 0x565459dfdef3 <unknown>
#2 0x565459e40f0f <unknown>
#3 0x565459e752a6 <unknown>
#4 0x565459e6fbe7 <unknown>
#5 0x565459e6ed25 <unknown>
#6 0x565459dc7a88 <unknown>
#7 0x56545a3208cb <unknown>
#8 0x56545a3247ca <unknown>
#9 0x56545a308622 <unknown>
#10 0x56545a325354 <unknown>
#11 0x56545a2ed45f <unknown>
#12 0x565459dc5821 <unknown>
#13 0x7f8bd682a1ca <unknown>
#14 0x7f8bd682a28b __libc_start_main
#15 0x565459d8d4ea _start

2025-06-08 21:38:15,041 - INFO - üéØ [64/84] Applying to: AI Engineer
2025-06-08 21:38:15,048 - ERROR -    ‚ùå Application failed: Message: invalid session id
Stacktrace:
#0 0x56545a35b71a <unknown>
#1 0x565459dfdef3 <unknown>
#2 0x565459e40f0f <unknown>
#3 0x565459e752a6 <unknown>
#4 0x565459e6fbe7 <unknown>
#5 0x565459e6ed25 <unknown>
#6 0x565459dc7a88 <unknown>
#7 0x56545a3208cb <unknown>
#8 0x56545a3247ca <unknown>
#9 0x56545a308622 <unknown>
#10 0x56545a325354 <unknown>
#11 0x56545a2ed45f <unknown>
#12 0x565459dc5821 <unknown>
#13 0x7f8bd682a1ca <unknown>
#14 0x7f8bd682a28b __libc_start_main
#15 0x565459d8d4ea _start

2025-06-08 21:38:15,049 - ERROR - Full error for AI Engineer:
Traceback (most recent call last):
  File "/home/runner/work/Applier-Workflow/Applier-Workflow/scripts/src/stealth_apply.py", line 149, in easy_apply
    driver.get(job_link)
  File "/opt/hostedtoolcache/Python/3.10.17/x64/lib/python3.10/site-packages/undetected_chromedriver/__init__.py", line 496, in get_wrapped
    if self.execute_script("return navigator.webdriver"):
  File "/opt/hostedtoolcache/Python/3.10.17/x64/lib/python3.10/site-packages/selenium/webdriver/remote/webdriver.py", line 544, in execute_script
    return self.execute(command, {"script": script, "args": converted_args})["value"]
  File "/opt/hostedtoolcache/Python/3.10.17/x64/lib/python3.10/site-packages/selenium/webdriver/remote/webdriver.py", line 447, in execute
    self.error_handler.check_response(response)
  File "/opt/hostedtoolcache/Python/3.10.17/x64/lib/python3.10/site-packages/selenium/webdriver/remote/errorhandler.py", line 232, in check_response
    raise exception_class(message, screen, stacktrace)
selenium.common.exceptions.InvalidSessionIdException: Message: invalid session id
Stacktrace:
#0 0x56545a35b71a <unknown>
#1 0x565459dfdef3 <unknown>
#2 0x565459e40f0f <unknown>
#3 0x565459e752a6 <unknown>
#4 0x565459e6fbe7 <unknown>
#5 0x565459e6ed25 <unknown>
#6 0x565459dc7a88 <unknown>
#7 0x56545a3208cb <unknown>
#8 0x56545a3247ca <unknown>
#9 0x56545a308622 <unknown>
#10 0x56545a325354 <unknown>
#11 0x56545a2ed45f <unknown>
#12 0x565459dc5821 <unknown>
#13 0x7f8bd682a1ca <unknown>
#14 0x7f8bd682a28b __libc_start_main
#15 0x565459d8d4ea _start

2025-06-08 21:38:24,379 - INFO - üéØ [65/84] Applying to: AWS Data Engineer
2025-06-08 21:38:24,386 - ERROR -    ‚ùå Application failed: Message: invalid session id
Stacktrace:
#0 0x56545a35b71a <unknown>
#1 0x565459dfdef3 <unknown>
#2 0x565459e40f0f <unknown>
#3 0x565459e752a6 <unknown>
#4 0x565459e6fbe7 <unknown>
#5 0x565459e6ed25 <unknown>
#6 0x565459dc7a88 <unknown>
#7 0x56545a3208cb <unknown>
#8 0x56545a3247ca <unknown>
#9 0x56545a308622 <unknown>
#10 0x56545a325354 <unknown>
#11 0x56545a2ed45f <unknown>
#12 0x565459dc5821 <unknown>
#13 0x7f8bd682a1ca <unknown>
#14 0x7f8bd682a28b __libc_start_main
#15 0x565459d8d4ea _start

2025-06-08 21:38:24,386 - ERROR - Full error for AWS Data Engineer:
Traceback (most recent call last):
  File "/home/runner/work/Applier-Workflow/Applier-Workflow/scripts/src/stealth_apply.py", line 149, in easy_apply
    driver.get(job_link)
  File "/opt/hostedtoolcache/Python/3.10.17/x64/lib/python3.10/site-packages/undetected_chromedriver/__init__.py", line 496, in get_wrapped
    if self.execute_script("return navigator.webdriver"):
  File "/opt/hostedtoolcache/Python/3.10.17/x64/lib/python3.10/site-packages/selenium/webdriver/remote/webdriver.py", line 544, in execute_script
    return self.execute(command, {"script": script, "args": converted_args})["value"]
  File "/opt/hostedtoolcache/Python/3.10.17/x64/lib/python3.10/site-packages/selenium/webdriver/remote/webdriver.py", line 447, in execute
    self.error_handler.check_response(response)
  File "/opt/hostedtoolcache/Python/3.10.17/x64/lib/python3.10/site-packages/selenium/webdriver/remote/errorhandler.py", line 232, in check_response
    raise exception_class(message, screen, stacktrace)
selenium.common.exceptions.InvalidSessionIdException: Message: invalid session id
Stacktrace:
#0 0x56545a35b71a <unknown>
#1 0x565459dfdef3 <unknown>
#2 0x565459e40f0f <unknown>
#3 0x565459e752a6 <unknown>
#4 0x565459e6fbe7 <unknown>
#5 0x565459e6ed25 <unknown>
#6 0x565459dc7a88 <unknown>
#7 0x56545a3208cb <unknown>
#8 0x56545a3247ca <unknown>
#9 0x56545a308622 <unknown>
#10 0x56545a325354 <unknown>
#11 0x56545a2ed45f <unknown>
#12 0x565459dc5821 <unknown>
#13 0x7f8bd682a1ca <unknown>
#14 0x7f8bd682a28b __libc_start_main
#15 0x565459d8d4ea _start

2025-06-08 21:38:33,158 - INFO - üéØ [66/84] Applying to: AI Business Intelligence Developer
2025-06-08 21:38:33,165 - ERROR -    ‚ùå Application failed: Message: invalid session id
Stacktrace:
#0 0x56545a35b71a <unknown>
#1 0x565459dfdef3 <unknown>
#2 0x565459e40f0f <unknown>
#3 0x565459e752a6 <unknown>
#4 0x565459e6fbe7 <unknown>
#5 0x565459e6ed25 <unknown>
#6 0x565459dc7a88 <unknown>
#7 0x56545a3208cb <unknown>
#8 0x56545a3247ca <unknown>
#9 0x56545a308622 <unknown>
#10 0x56545a325354 <unknown>
#11 0x56545a2ed45f <unknown>
#12 0x565459dc5821 <unknown>
#13 0x7f8bd682a1ca <unknown>
#14 0x7f8bd682a28b __libc_start_main
#15 0x565459d8d4ea _start

2025-06-08 21:38:33,165 - ERROR - Full error for AI Business Intelligence Developer:
Traceback (most recent call last):
  File "/home/runner/work/Applier-Workflow/Applier-Workflow/scripts/src/stealth_apply.py", line 149, in easy_apply
    driver.get(job_link)
  File "/opt/hostedtoolcache/Python/3.10.17/x64/lib/python3.10/site-packages/undetected_chromedriver/__init__.py", line 496, in get_wrapped
    if self.execute_script("return navigator.webdriver"):
  File "/opt/hostedtoolcache/Python/3.10.17/x64/lib/python3.10/site-packages/selenium/webdriver/remote/webdriver.py", line 544, in execute_script
    return self.execute(command, {"script": script, "args": converted_args})["value"]
  File "/opt/hostedtoolcache/Python/3.10.17/x64/lib/python3.10/site-packages/selenium/webdriver/remote/webdriver.py", line 447, in execute
    self.error_handler.check_response(response)
  File "/opt/hostedtoolcache/Python/3.10.17/x64/lib/python3.10/site-packages/selenium/webdriver/remote/errorhandler.py", line 232, in check_response
    raise exception_class(message, screen, stacktrace)
selenium.common.exceptions.InvalidSessionIdException: Message: invalid session id
Stacktrace:
#0 0x56545a35b71a <unknown>
#1 0x565459dfdef3 <unknown>
#2 0x565459e40f0f <unknown>
#3 0x565459e752a6 <unknown>
#4 0x565459e6fbe7 <unknown>
#5 0x565459e6ed25 <unknown>
#6 0x565459dc7a88 <unknown>
#7 0x56545a3208cb <unknown>
#8 0x56545a3247ca <unknown>
#9 0x56545a308622 <unknown>
#10 0x56545a325354 <unknown>
#11 0x56545a2ed45f <unknown>
#12 0x565459dc5821 <unknown>
#13 0x7f8bd682a1ca <unknown>
#14 0x7f8bd682a28b __libc_start_main
#15 0x565459d8d4ea _start

2025-06-08 21:38:41,927 - INFO - üéØ [67/84] Applying to: Jr. ML/Data Engineer
2025-06-08 21:38:41,934 - ERROR -    ‚ùå Application failed: Message: invalid session id
Stacktrace:
#0 0x56545a35b71a <unknown>
#1 0x565459dfdef3 <unknown>
#2 0x565459e40f0f <unknown>
#3 0x565459e752a6 <unknown>
#4 0x565459e6fbe7 <unknown>
#5 0x565459e6ed25 <unknown>
#6 0x565459dc7a88 <unknown>
#7 0x56545a3208cb <unknown>
#8 0x56545a3247ca <unknown>
#9 0x56545a308622 <unknown>
#10 0x56545a325354 <unknown>
#11 0x56545a2ed45f <unknown>
#12 0x565459dc5821 <unknown>
#13 0x7f8bd682a1ca <unknown>
#14 0x7f8bd682a28b __libc_start_main
#15 0x565459d8d4ea _start

2025-06-08 21:38:41,934 - ERROR - Full error for Jr. ML/Data Engineer:
Traceback (most recent call last):
  File "/home/runner/work/Applier-Workflow/Applier-Workflow/scripts/src/stealth_apply.py", line 149, in easy_apply
    driver.get(job_link)
  File "/opt/hostedtoolcache/Python/3.10.17/x64/lib/python3.10/site-packages/undetected_chromedriver/__init__.py", line 496, in get_wrapped
    if self.execute_script("return navigator.webdriver"):
  File "/opt/hostedtoolcache/Python/3.10.17/x64/lib/python3.10/site-packages/selenium/webdriver/remote/webdriver.py", line 544, in execute_script
    return self.execute(command, {"script": script, "args": converted_args})["value"]
  File "/opt/hostedtoolcache/Python/3.10.17/x64/lib/python3.10/site-packages/selenium/webdriver/remote/webdriver.py", line 447, in execute
    self.error_handler.check_response(response)
  File "/opt/hostedtoolcache/Python/3.10.17/x64/lib/python3.10/site-packages/selenium/webdriver/remote/errorhandler.py", line 232, in check_response
    raise exception_class(message, screen, stacktrace)
selenium.common.exceptions.InvalidSessionIdException: Message: invalid session id
Stacktrace:
#0 0x56545a35b71a <unknown>
#1 0x565459dfdef3 <unknown>
#2 0x565459e40f0f <unknown>
#3 0x565459e752a6 <unknown>
#4 0x565459e6fbe7 <unknown>
#5 0x565459e6ed25 <unknown>
#6 0x565459dc7a88 <unknown>
#7 0x56545a3208cb <unknown>
#8 0x56545a3247ca <unknown>
#9 0x56545a308622 <unknown>
#10 0x56545a325354 <unknown>
#11 0x56545a2ed45f <unknown>
#12 0x565459dc5821 <unknown>
#13 0x7f8bd682a1ca <unknown>
#14 0x7f8bd682a28b __libc_start_main
#15 0x565459d8d4ea _start

2025-06-08 21:38:50,780 - INFO - üéØ [68/84] Applying to: AI/ML & Gen AI Senior Engineer
2025-06-08 21:38:50,787 - ERROR -    ‚ùå Application failed: Message: invalid session id
Stacktrace:
#0 0x56545a35b71a <unknown>
#1 0x565459dfdef3 <unknown>
#2 0x565459e40f0f <unknown>
#3 0x565459e752a6 <unknown>
#4 0x565459e6fbe7 <unknown>
#5 0x565459e6ed25 <unknown>
#6 0x565459dc7a88 <unknown>
#7 0x56545a3208cb <unknown>
#8 0x56545a3247ca <unknown>
#9 0x56545a308622 <unknown>
#10 0x56545a325354 <unknown>
#11 0x56545a2ed45f <unknown>
#12 0x565459dc5821 <unknown>
#13 0x7f8bd682a1ca <unknown>
#14 0x7f8bd682a28b __libc_start_main
#15 0x565459d8d4ea _start

2025-06-08 21:38:50,787 - ERROR - Full error for AI/ML & Gen AI Senior Engineer:
Traceback (most recent call last):
  File "/home/runner/work/Applier-Workflow/Applier-Workflow/scripts/src/stealth_apply.py", line 149, in easy_apply
    driver.get(job_link)
  File "/opt/hostedtoolcache/Python/3.10.17/x64/lib/python3.10/site-packages/undetected_chromedriver/__init__.py", line 496, in get_wrapped
    if self.execute_script("return navigator.webdriver"):
  File "/opt/hostedtoolcache/Python/3.10.17/x64/lib/python3.10/site-packages/selenium/webdriver/remote/webdriver.py", line 544, in execute_script
    return self.execute(command, {"script": script, "args": converted_args})["value"]
  File "/opt/hostedtoolcache/Python/3.10.17/x64/lib/python3.10/site-packages/selenium/webdriver/remote/webdriver.py", line 447, in execute
    self.error_handler.check_response(response)
  File "/opt/hostedtoolcache/Python/3.10.17/x64/lib/python3.10/site-packages/selenium/webdriver/remote/errorhandler.py", line 232, in check_response
    raise exception_class(message, screen, stacktrace)
selenium.common.exceptions.InvalidSessionIdException: Message: invalid session id
Stacktrace:
#0 0x56545a35b71a <unknown>
#1 0x565459dfdef3 <unknown>
#2 0x565459e40f0f <unknown>
#3 0x565459e752a6 <unknown>
#4 0x565459e6fbe7 <unknown>
#5 0x565459e6ed25 <unknown>
#6 0x565459dc7a88 <unknown>
#7 0x56545a3208cb <unknown>
#8 0x56545a3247ca <unknown>
#9 0x56545a308622 <unknown>
#10 0x56545a325354 <unknown>
#11 0x56545a2ed45f <unknown>
#12 0x565459dc5821 <unknown>
#13 0x7f8bd682a1ca <unknown>
#14 0x7f8bd682a28b __libc_start_main
#15 0x565459d8d4ea _start

2025-06-08 21:39:03,460 - INFO - üéØ [69/84] Applying to: Senior .NET Developer / Generative AI / Hybrid / Irving, TX
2025-06-08 21:39:03,467 - ERROR -    ‚ùå Application failed: Message: invalid session id
Stacktrace:
#0 0x56545a35b71a <unknown>
#1 0x565459dfdef3 <unknown>
#2 0x565459e40f0f <unknown>
#3 0x565459e752a6 <unknown>
#4 0x565459e6fbe7 <unknown>
#5 0x565459e6ed25 <unknown>
#6 0x565459dc7a88 <unknown>
#7 0x56545a3208cb <unknown>
#8 0x56545a3247ca <unknown>
#9 0x56545a308622 <unknown>
#10 0x56545a325354 <unknown>
#11 0x56545a2ed45f <unknown>
#12 0x565459dc5821 <unknown>
#13 0x7f8bd682a1ca <unknown>
#14 0x7f8bd682a28b __libc_start_main
#15 0x565459d8d4ea _start

2025-06-08 21:39:03,467 - ERROR - Full error for Senior .NET Developer / Generative AI / Hybrid / Irving, TX:
Traceback (most recent call last):
  File "/home/runner/work/Applier-Workflow/Applier-Workflow/scripts/src/stealth_apply.py", line 149, in easy_apply
    driver.get(job_link)
  File "/opt/hostedtoolcache/Python/3.10.17/x64/lib/python3.10/site-packages/undetected_chromedriver/__init__.py", line 496, in get_wrapped
    if self.execute_script("return navigator.webdriver"):
  File "/opt/hostedtoolcache/Python/3.10.17/x64/lib/python3.10/site-packages/selenium/webdriver/remote/webdriver.py", line 544, in execute_script
    return self.execute(command, {"script": script, "args": converted_args})["value"]
  File "/opt/hostedtoolcache/Python/3.10.17/x64/lib/python3.10/site-packages/selenium/webdriver/remote/webdriver.py", line 447, in execute
    self.error_handler.check_response(response)
  File "/opt/hostedtoolcache/Python/3.10.17/x64/lib/python3.10/site-packages/selenium/webdriver/remote/errorhandler.py", line 232, in check_response
    raise exception_class(message, screen, stacktrace)
selenium.common.exceptions.InvalidSessionIdException: Message: invalid session id
Stacktrace:
#0 0x56545a35b71a <unknown>
#1 0x565459dfdef3 <unknown>
#2 0x565459e40f0f <unknown>
#3 0x565459e752a6 <unknown>
#4 0x565459e6fbe7 <unknown>
#5 0x565459e6ed25 <unknown>
#6 0x565459dc7a88 <unknown>
#7 0x56545a3208cb <unknown>
#8 0x56545a3247ca <unknown>
#9 0x56545a308622 <unknown>
#10 0x56545a325354 <unknown>
#11 0x56545a2ed45f <unknown>
#12 0x565459dc5821 <unknown>
#13 0x7f8bd682a1ca <unknown>
#14 0x7f8bd682a28b __libc_start_main
#15 0x565459d8d4ea _start

2025-06-08 21:39:11,033 - INFO - üéØ [70/84] Applying to: Platform Support AI Trainer
2025-06-08 21:39:11,041 - ERROR -    ‚ùå Application failed: Message: invalid session id
Stacktrace:
#0 0x56545a35b71a <unknown>
#1 0x565459dfdef3 <unknown>
#2 0x565459e40f0f <unknown>
#3 0x565459e752a6 <unknown>
#4 0x565459e6fbe7 <unknown>
#5 0x565459e6ed25 <unknown>
#6 0x565459dc7a88 <unknown>
#7 0x56545a3208cb <unknown>
#8 0x56545a3247ca <unknown>
#9 0x56545a308622 <unknown>
#10 0x56545a325354 <unknown>
#11 0x56545a2ed45f <unknown>
#12 0x565459dc5821 <unknown>
#13 0x7f8bd682a1ca <unknown>
#14 0x7f8bd682a28b __libc_start_main
#15 0x565459d8d4ea _start

2025-06-08 21:39:11,041 - ERROR - Full error for Platform Support AI Trainer:
Traceback (most recent call last):
  File "/home/runner/work/Applier-Workflow/Applier-Workflow/scripts/src/stealth_apply.py", line 149, in easy_apply
    driver.get(job_link)
  File "/opt/hostedtoolcache/Python/3.10.17/x64/lib/python3.10/site-packages/undetected_chromedriver/__init__.py", line 496, in get_wrapped
    if self.execute_script("return navigator.webdriver"):
  File "/opt/hostedtoolcache/Python/3.10.17/x64/lib/python3.10/site-packages/selenium/webdriver/remote/webdriver.py", line 544, in execute_script
    return self.execute(command, {"script": script, "args": converted_args})["value"]
  File "/opt/hostedtoolcache/Python/3.10.17/x64/lib/python3.10/site-packages/selenium/webdriver/remote/webdriver.py", line 447, in execute
    self.error_handler.check_response(response)
  File "/opt/hostedtoolcache/Python/3.10.17/x64/lib/python3.10/site-packages/selenium/webdriver/remote/errorhandler.py", line 232, in check_response
    raise exception_class(message, screen, stacktrace)
selenium.common.exceptions.InvalidSessionIdException: Message: invalid session id
Stacktrace:
#0 0x56545a35b71a <unknown>
#1 0x565459dfdef3 <unknown>
#2 0x565459e40f0f <unknown>
#3 0x565459e752a6 <unknown>
#4 0x565459e6fbe7 <unknown>
#5 0x565459e6ed25 <unknown>
#6 0x565459dc7a88 <unknown>
#7 0x56545a3208cb <unknown>
#8 0x56545a3247ca <unknown>
#9 0x56545a308622 <unknown>
#10 0x56545a325354 <unknown>
#11 0x56545a2ed45f <unknown>
#12 0x565459dc5821 <unknown>
#13 0x7f8bd682a1ca <unknown>
#14 0x7f8bd682a28b __libc_start_main
#15 0x565459d8d4ea _start

2025-06-08 21:39:21,132 - INFO - üéØ [71/84] Applying to: Data Scientist
2025-06-08 21:39:21,139 - ERROR -    ‚ùå Application failed: Message: invalid session id
Stacktrace:
#0 0x56545a35b71a <unknown>
#1 0x565459dfdef3 <unknown>
#2 0x565459e40f0f <unknown>
#3 0x565459e752a6 <unknown>
#4 0x565459e6fbe7 <unknown>
#5 0x565459e6ed25 <unknown>
#6 0x565459dc7a88 <unknown>
#7 0x56545a3208cb <unknown>
#8 0x56545a3247ca <unknown>
#9 0x56545a308622 <unknown>
#10 0x56545a325354 <unknown>
#11 0x56545a2ed45f <unknown>
#12 0x565459dc5821 <unknown>
#13 0x7f8bd682a1ca <unknown>
#14 0x7f8bd682a28b __libc_start_main
#15 0x565459d8d4ea _start

2025-06-08 21:39:21,139 - ERROR - Full error for Data Scientist:
Traceback (most recent call last):
  File "/home/runner/work/Applier-Workflow/Applier-Workflow/scripts/src/stealth_apply.py", line 149, in easy_apply
    driver.get(job_link)
  File "/opt/hostedtoolcache/Python/3.10.17/x64/lib/python3.10/site-packages/undetected_chromedriver/__init__.py", line 496, in get_wrapped
    if self.execute_script("return navigator.webdriver"):
  File "/opt/hostedtoolcache/Python/3.10.17/x64/lib/python3.10/site-packages/selenium/webdriver/remote/webdriver.py", line 544, in execute_script
    return self.execute(command, {"script": script, "args": converted_args})["value"]
  File "/opt/hostedtoolcache/Python/3.10.17/x64/lib/python3.10/site-packages/selenium/webdriver/remote/webdriver.py", line 447, in execute
    self.error_handler.check_response(response)
  File "/opt/hostedtoolcache/Python/3.10.17/x64/lib/python3.10/site-packages/selenium/webdriver/remote/errorhandler.py", line 232, in check_response
    raise exception_class(message, screen, stacktrace)
selenium.common.exceptions.InvalidSessionIdException: Message: invalid session id
Stacktrace:
#0 0x56545a35b71a <unknown>
#1 0x565459dfdef3 <unknown>
#2 0x565459e40f0f <unknown>
#3 0x565459e752a6 <unknown>
#4 0x565459e6fbe7 <unknown>
#5 0x565459e6ed25 <unknown>
#6 0x565459dc7a88 <unknown>
#7 0x56545a3208cb <unknown>
#8 0x56545a3247ca <unknown>
#9 0x56545a308622 <unknown>
#10 0x56545a325354 <unknown>
#11 0x56545a2ed45f <unknown>
#12 0x565459dc5821 <unknown>
#13 0x7f8bd682a1ca <unknown>
#14 0x7f8bd682a28b __libc_start_main
#15 0x565459d8d4ea _start

2025-06-08 21:39:30,688 - INFO - üéØ [72/84] Applying to: R Programmer/ IT - Technology Architect | data science | Machine Learning
2025-06-08 21:39:30,695 - ERROR -    ‚ùå Application failed: Message: invalid session id
Stacktrace:
#0 0x56545a35b71a <unknown>
#1 0x565459dfdef3 <unknown>
#2 0x565459e40f0f <unknown>
#3 0x565459e752a6 <unknown>
#4 0x565459e6fbe7 <unknown>
#5 0x565459e6ed25 <unknown>
#6 0x565459dc7a88 <unknown>
#7 0x56545a3208cb <unknown>
#8 0x56545a3247ca <unknown>
#9 0x56545a308622 <unknown>
#10 0x56545a325354 <unknown>
#11 0x56545a2ed45f <unknown>
#12 0x565459dc5821 <unknown>
#13 0x7f8bd682a1ca <unknown>
#14 0x7f8bd682a28b __libc_start_main
#15 0x565459d8d4ea _start

2025-06-08 21:39:30,696 - ERROR - Full error for R Programmer/ IT - Technology Architect | data science | Machine Learning:
Traceback (most recent call last):
  File "/home/runner/work/Applier-Workflow/Applier-Workflow/scripts/src/stealth_apply.py", line 149, in easy_apply
    driver.get(job_link)
  File "/opt/hostedtoolcache/Python/3.10.17/x64/lib/python3.10/site-packages/undetected_chromedriver/__init__.py", line 496, in get_wrapped
    if self.execute_script("return navigator.webdriver"):
  File "/opt/hostedtoolcache/Python/3.10.17/x64/lib/python3.10/site-packages/selenium/webdriver/remote/webdriver.py", line 544, in execute_script
    return self.execute(command, {"script": script, "args": converted_args})["value"]
  File "/opt/hostedtoolcache/Python/3.10.17/x64/lib/python3.10/site-packages/selenium/webdriver/remote/webdriver.py", line 447, in execute
    self.error_handler.check_response(response)
  File "/opt/hostedtoolcache/Python/3.10.17/x64/lib/python3.10/site-packages/selenium/webdriver/remote/errorhandler.py", line 232, in check_response
    raise exception_class(message, screen, stacktrace)
selenium.common.exceptions.InvalidSessionIdException: Message: invalid session id
Stacktrace:
#0 0x56545a35b71a <unknown>
#1 0x565459dfdef3 <unknown>
#2 0x565459e40f0f <unknown>
#3 0x565459e752a6 <unknown>
#4 0x565459e6fbe7 <unknown>
#5 0x565459e6ed25 <unknown>
#6 0x565459dc7a88 <unknown>
#7 0x56545a3208cb <unknown>
#8 0x56545a3247ca <unknown>
#9 0x56545a308622 <unknown>
#10 0x56545a325354 <unknown>
#11 0x56545a2ed45f <unknown>
#12 0x565459dc5821 <unknown>
#13 0x7f8bd682a1ca <unknown>
#14 0x7f8bd682a28b __libc_start_main
#15 0x565459d8d4ea _start

2025-06-08 21:39:40,547 - INFO - üéØ [73/84] Applying to: Senior Machine Learning Engineer / Hybrid in North County San Diego / NLP
2025-06-08 21:39:40,555 - ERROR -    ‚ùå Application failed: Message: invalid session id
Stacktrace:
#0 0x56545a35b71a <unknown>
#1 0x565459dfdef3 <unknown>
#2 0x565459e40f0f <unknown>
#3 0x565459e752a6 <unknown>
#4 0x565459e6fbe7 <unknown>
#5 0x565459e6ed25 <unknown>
#6 0x565459dc7a88 <unknown>
#7 0x56545a3208cb <unknown>
#8 0x56545a3247ca <unknown>
#9 0x56545a308622 <unknown>
#10 0x56545a325354 <unknown>
#11 0x56545a2ed45f <unknown>
#12 0x565459dc5821 <unknown>
#13 0x7f8bd682a1ca <unknown>
#14 0x7f8bd682a28b __libc_start_main
#15 0x565459d8d4ea _start

2025-06-08 21:39:40,555 - ERROR - Full error for Senior Machine Learning Engineer / Hybrid in North County San Diego / NLP:
Traceback (most recent call last):
  File "/home/runner/work/Applier-Workflow/Applier-Workflow/scripts/src/stealth_apply.py", line 149, in easy_apply
    driver.get(job_link)
  File "/opt/hostedtoolcache/Python/3.10.17/x64/lib/python3.10/site-packages/undetected_chromedriver/__init__.py", line 496, in get_wrapped
    if self.execute_script("return navigator.webdriver"):
  File "/opt/hostedtoolcache/Python/3.10.17/x64/lib/python3.10/site-packages/selenium/webdriver/remote/webdriver.py", line 544, in execute_script
    return self.execute(command, {"script": script, "args": converted_args})["value"]
  File "/opt/hostedtoolcache/Python/3.10.17/x64/lib/python3.10/site-packages/selenium/webdriver/remote/webdriver.py", line 447, in execute
    self.error_handler.check_response(response)
  File "/opt/hostedtoolcache/Python/3.10.17/x64/lib/python3.10/site-packages/selenium/webdriver/remote/errorhandler.py", line 232, in check_response
    raise exception_class(message, screen, stacktrace)
selenium.common.exceptions.InvalidSessionIdException: Message: invalid session id
Stacktrace:
#0 0x56545a35b71a <unknown>
#1 0x565459dfdef3 <unknown>
#2 0x565459e40f0f <unknown>
#3 0x565459e752a6 <unknown>
#4 0x565459e6fbe7 <unknown>
#5 0x565459e6ed25 <unknown>
#6 0x565459dc7a88 <unknown>
#7 0x56545a3208cb <unknown>
#8 0x56545a3247ca <unknown>
#9 0x56545a308622 <unknown>
#10 0x56545a325354 <unknown>
#11 0x56545a2ed45f <unknown>
#12 0x565459dc5821 <unknown>
#13 0x7f8bd682a1ca <unknown>
#14 0x7f8bd682a28b __libc_start_main
#15 0x565459d8d4ea _start

2025-06-08 21:39:50,659 - INFO - üéØ [74/84] Applying to: Lead/Senior Full Stack Engineer (Node & React) with AI/ML
2025-06-08 21:39:50,666 - ERROR -    ‚ùå Application failed: Message: invalid session id
Stacktrace:
#0 0x56545a35b71a <unknown>
#1 0x565459dfdef3 <unknown>
#2 0x565459e40f0f <unknown>
#3 0x565459e752a6 <unknown>
#4 0x565459e6fbe7 <unknown>
#5 0x565459e6ed25 <unknown>
#6 0x565459dc7a88 <unknown>
#7 0x56545a3208cb <unknown>
#8 0x56545a3247ca <unknown>
#9 0x56545a308622 <unknown>
#10 0x56545a325354 <unknown>
#11 0x56545a2ed45f <unknown>
#12 0x565459dc5821 <unknown>
#13 0x7f8bd682a1ca <unknown>
#14 0x7f8bd682a28b __libc_start_main
#15 0x565459d8d4ea _start

2025-06-08 21:39:50,666 - ERROR - Full error for Lead/Senior Full Stack Engineer (Node & React) with AI/ML:
Traceback (most recent call last):
  File "/home/runner/work/Applier-Workflow/Applier-Workflow/scripts/src/stealth_apply.py", line 149, in easy_apply
    driver.get(job_link)
  File "/opt/hostedtoolcache/Python/3.10.17/x64/lib/python3.10/site-packages/undetected_chromedriver/__init__.py", line 496, in get_wrapped
    if self.execute_script("return navigator.webdriver"):
  File "/opt/hostedtoolcache/Python/3.10.17/x64/lib/python3.10/site-packages/selenium/webdriver/remote/webdriver.py", line 544, in execute_script
    return self.execute(command, {"script": script, "args": converted_args})["value"]
  File "/opt/hostedtoolcache/Python/3.10.17/x64/lib/python3.10/site-packages/selenium/webdriver/remote/webdriver.py", line 447, in execute
    self.error_handler.check_response(response)
  File "/opt/hostedtoolcache/Python/3.10.17/x64/lib/python3.10/site-packages/selenium/webdriver/remote/errorhandler.py", line 232, in check_response
    raise exception_class(message, screen, stacktrace)
selenium.common.exceptions.InvalidSessionIdException: Message: invalid session id
Stacktrace:
#0 0x56545a35b71a <unknown>
#1 0x565459dfdef3 <unknown>
#2 0x565459e40f0f <unknown>
#3 0x565459e752a6 <unknown>
#4 0x565459e6fbe7 <unknown>
#5 0x565459e6ed25 <unknown>
#6 0x565459dc7a88 <unknown>
#7 0x56545a3208cb <unknown>
#8 0x56545a3247ca <unknown>
#9 0x56545a308622 <unknown>
#10 0x56545a325354 <unknown>
#11 0x56545a2ed45f <unknown>
#12 0x565459dc5821 <unknown>
#13 0x7f8bd682a1ca <unknown>
#14 0x7f8bd682a28b __libc_start_main
#15 0x565459d8d4ea _start

2025-06-08 21:40:00,224 - INFO - üéØ [75/84] Applying to: ML Engineer (LLMs, Go)
2025-06-08 21:40:00,231 - ERROR -    ‚ùå Application failed: Message: invalid session id
Stacktrace:
#0 0x56545a35b71a <unknown>
#1 0x565459dfdef3 <unknown>
#2 0x565459e40f0f <unknown>
#3 0x565459e752a6 <unknown>
#4 0x565459e6fbe7 <unknown>
#5 0x565459e6ed25 <unknown>
#6 0x565459dc7a88 <unknown>
#7 0x56545a3208cb <unknown>
#8 0x56545a3247ca <unknown>
#9 0x56545a308622 <unknown>
#10 0x56545a325354 <unknown>
#11 0x56545a2ed45f <unknown>
#12 0x565459dc5821 <unknown>
#13 0x7f8bd682a1ca <unknown>
#14 0x7f8bd682a28b __libc_start_main
#15 0x565459d8d4ea _start

2025-06-08 21:40:00,231 - ERROR - Full error for ML Engineer (LLMs, Go):
Traceback (most recent call last):
  File "/home/runner/work/Applier-Workflow/Applier-Workflow/scripts/src/stealth_apply.py", line 149, in easy_apply
    driver.get(job_link)
  File "/opt/hostedtoolcache/Python/3.10.17/x64/lib/python3.10/site-packages/undetected_chromedriver/__init__.py", line 496, in get_wrapped
    if self.execute_script("return navigator.webdriver"):
  File "/opt/hostedtoolcache/Python/3.10.17/x64/lib/python3.10/site-packages/selenium/webdriver/remote/webdriver.py", line 544, in execute_script
    return self.execute(command, {"script": script, "args": converted_args})["value"]
  File "/opt/hostedtoolcache/Python/3.10.17/x64/lib/python3.10/site-packages/selenium/webdriver/remote/webdriver.py", line 447, in execute
    self.error_handler.check_response(response)
  File "/opt/hostedtoolcache/Python/3.10.17/x64/lib/python3.10/site-packages/selenium/webdriver/remote/errorhandler.py", line 232, in check_response
    raise exception_class(message, screen, stacktrace)
selenium.common.exceptions.InvalidSessionIdException: Message: invalid session id
Stacktrace:
#0 0x56545a35b71a <unknown>
#1 0x565459dfdef3 <unknown>
#2 0x565459e40f0f <unknown>
#3 0x565459e752a6 <unknown>
#4 0x565459e6fbe7 <unknown>
#5 0x565459e6ed25 <unknown>
#6 0x565459dc7a88 <unknown>
#7 0x56545a3208cb <unknown>
#8 0x56545a3247ca <unknown>
#9 0x56545a308622 <unknown>
#10 0x56545a325354 <unknown>
#11 0x56545a2ed45f <unknown>
#12 0x565459dc5821 <unknown>
#13 0x7f8bd682a1ca <unknown>
#14 0x7f8bd682a28b __libc_start_main
#15 0x565459d8d4ea _start

2025-06-08 21:40:11,650 - INFO - üéØ [76/84] Applying to: GenAI Architect
2025-06-08 21:40:11,658 - ERROR -    ‚ùå Application failed: Message: invalid session id
Stacktrace:
#0 0x56545a35b71a <unknown>
#1 0x565459dfdef3 <unknown>
#2 0x565459e40f0f <unknown>
#3 0x565459e752a6 <unknown>
#4 0x565459e6fbe7 <unknown>
#5 0x565459e6ed25 <unknown>
#6 0x565459dc7a88 <unknown>
#7 0x56545a3208cb <unknown>
#8 0x56545a3247ca <unknown>
#9 0x56545a308622 <unknown>
#10 0x56545a325354 <unknown>
#11 0x56545a2ed45f <unknown>
#12 0x565459dc5821 <unknown>
#13 0x7f8bd682a1ca <unknown>
#14 0x7f8bd682a28b __libc_start_main
#15 0x565459d8d4ea _start

2025-06-08 21:40:11,658 - ERROR - Full error for GenAI Architect:
Traceback (most recent call last):
  File "/home/runner/work/Applier-Workflow/Applier-Workflow/scripts/src/stealth_apply.py", line 149, in easy_apply
    driver.get(job_link)
  File "/opt/hostedtoolcache/Python/3.10.17/x64/lib/python3.10/site-packages/undetected_chromedriver/__init__.py", line 496, in get_wrapped
    if self.execute_script("return navigator.webdriver"):
  File "/opt/hostedtoolcache/Python/3.10.17/x64/lib/python3.10/site-packages/selenium/webdriver/remote/webdriver.py", line 544, in execute_script
    return self.execute(command, {"script": script, "args": converted_args})["value"]
  File "/opt/hostedtoolcache/Python/3.10.17/x64/lib/python3.10/site-packages/selenium/webdriver/remote/webdriver.py", line 447, in execute
    self.error_handler.check_response(response)
  File "/opt/hostedtoolcache/Python/3.10.17/x64/lib/python3.10/site-packages/selenium/webdriver/remote/errorhandler.py", line 232, in check_response
    raise exception_class(message, screen, stacktrace)
selenium.common.exceptions.InvalidSessionIdException: Message: invalid session id
Stacktrace:
#0 0x56545a35b71a <unknown>
#1 0x565459dfdef3 <unknown>
#2 0x565459e40f0f <unknown>
#3 0x565459e752a6 <unknown>
#4 0x565459e6fbe7 <unknown>
#5 0x565459e6ed25 <unknown>
#6 0x565459dc7a88 <unknown>
#7 0x56545a3208cb <unknown>
#8 0x56545a3247ca <unknown>
#9 0x56545a308622 <unknown>
#10 0x56545a325354 <unknown>
#11 0x56545a2ed45f <unknown>
#12 0x565459dc5821 <unknown>
#13 0x7f8bd682a1ca <unknown>
#14 0x7f8bd682a28b __libc_start_main
#15 0x565459d8d4ea _start

2025-06-08 21:40:20,808 - INFO - üéØ [77/84] Applying to: Fulltime opportunity - GenAI/ML Engineer - Photon - Jersey City, NJ
2025-06-08 21:40:20,815 - ERROR -    ‚ùå Application failed: Message: invalid session id
Stacktrace:
#0 0x56545a35b71a <unknown>
#1 0x565459dfdef3 <unknown>
#2 0x565459e40f0f <unknown>
#3 0x565459e752a6 <unknown>
#4 0x565459e6fbe7 <unknown>
#5 0x565459e6ed25 <unknown>
#6 0x565459dc7a88 <unknown>
#7 0x56545a3208cb <unknown>
#8 0x56545a3247ca <unknown>
#9 0x56545a308622 <unknown>
#10 0x56545a325354 <unknown>
#11 0x56545a2ed45f <unknown>
#12 0x565459dc5821 <unknown>
#13 0x7f8bd682a1ca <unknown>
#14 0x7f8bd682a28b __libc_start_main
#15 0x565459d8d4ea _start

2025-06-08 21:40:20,816 - ERROR - Full error for Fulltime opportunity - GenAI/ML Engineer - Photon - Jersey City, NJ:
Traceback (most recent call last):
  File "/home/runner/work/Applier-Workflow/Applier-Workflow/scripts/src/stealth_apply.py", line 149, in easy_apply
    driver.get(job_link)
  File "/opt/hostedtoolcache/Python/3.10.17/x64/lib/python3.10/site-packages/undetected_chromedriver/__init__.py", line 496, in get_wrapped
    if self.execute_script("return navigator.webdriver"):
  File "/opt/hostedtoolcache/Python/3.10.17/x64/lib/python3.10/site-packages/selenium/webdriver/remote/webdriver.py", line 544, in execute_script
    return self.execute(command, {"script": script, "args": converted_args})["value"]
  File "/opt/hostedtoolcache/Python/3.10.17/x64/lib/python3.10/site-packages/selenium/webdriver/remote/webdriver.py", line 447, in execute
    self.error_handler.check_response(response)
  File "/opt/hostedtoolcache/Python/3.10.17/x64/lib/python3.10/site-packages/selenium/webdriver/remote/errorhandler.py", line 232, in check_response
    raise exception_class(message, screen, stacktrace)
selenium.common.exceptions.InvalidSessionIdException: Message: invalid session id
Stacktrace:
#0 0x56545a35b71a <unknown>
#1 0x565459dfdef3 <unknown>
#2 0x565459e40f0f <unknown>
#3 0x565459e752a6 <unknown>
#4 0x565459e6fbe7 <unknown>
#5 0x565459e6ed25 <unknown>
#6 0x565459dc7a88 <unknown>
#7 0x56545a3208cb <unknown>
#8 0x56545a3247ca <unknown>
#9 0x56545a308622 <unknown>
#10 0x56545a325354 <unknown>
#11 0x56545a2ed45f <unknown>
#12 0x565459dc5821 <unknown>
#13 0x7f8bd682a1ca <unknown>
#14 0x7f8bd682a28b __libc_start_main
#15 0x565459d8d4ea _start

2025-06-08 21:40:28,266 - INFO - üéØ [78/84] Applying to: Gen AI Architect
2025-06-08 21:40:28,273 - ERROR -    ‚ùå Application failed: Message: invalid session id
Stacktrace:
#0 0x56545a35b71a <unknown>
#1 0x565459dfdef3 <unknown>
#2 0x565459e40f0f <unknown>
#3 0x565459e752a6 <unknown>
#4 0x565459e6fbe7 <unknown>
#5 0x565459e6ed25 <unknown>
#6 0x565459dc7a88 <unknown>
#7 0x56545a3208cb <unknown>
#8 0x56545a3247ca <unknown>
#9 0x56545a308622 <unknown>
#10 0x56545a325354 <unknown>
#11 0x56545a2ed45f <unknown>
#12 0x565459dc5821 <unknown>
#13 0x7f8bd682a1ca <unknown>
#14 0x7f8bd682a28b __libc_start_main
#15 0x565459d8d4ea _start

2025-06-08 21:40:28,273 - ERROR - Full error for Gen AI Architect:
Traceback (most recent call last):
  File "/home/runner/work/Applier-Workflow/Applier-Workflow/scripts/src/stealth_apply.py", line 149, in easy_apply
    driver.get(job_link)
  File "/opt/hostedtoolcache/Python/3.10.17/x64/lib/python3.10/site-packages/undetected_chromedriver/__init__.py", line 496, in get_wrapped
    if self.execute_script("return navigator.webdriver"):
  File "/opt/hostedtoolcache/Python/3.10.17/x64/lib/python3.10/site-packages/selenium/webdriver/remote/webdriver.py", line 544, in execute_script
    return self.execute(command, {"script": script, "args": converted_args})["value"]
  File "/opt/hostedtoolcache/Python/3.10.17/x64/lib/python3.10/site-packages/selenium/webdriver/remote/webdriver.py", line 447, in execute
    self.error_handler.check_response(response)
  File "/opt/hostedtoolcache/Python/3.10.17/x64/lib/python3.10/site-packages/selenium/webdriver/remote/errorhandler.py", line 232, in check_response
    raise exception_class(message, screen, stacktrace)
selenium.common.exceptions.InvalidSessionIdException: Message: invalid session id
Stacktrace:
#0 0x56545a35b71a <unknown>
#1 0x565459dfdef3 <unknown>
#2 0x565459e40f0f <unknown>
#3 0x565459e752a6 <unknown>
#4 0x565459e6fbe7 <unknown>
#5 0x565459e6ed25 <unknown>
#6 0x565459dc7a88 <unknown>
#7 0x56545a3208cb <unknown>
#8 0x56545a3247ca <unknown>
#9 0x56545a308622 <unknown>
#10 0x56545a325354 <unknown>
#11 0x56545a2ed45f <unknown>
#12 0x565459dc5821 <unknown>
#13 0x7f8bd682a1ca <unknown>
#14 0x7f8bd682a28b __libc_start_main
#15 0x565459d8d4ea _start

2025-06-08 21:40:34,214 - INFO - üéØ [79/84] Applying to: Google Cloud Platform MLOPs & Vertex AI Specialist(L6)
2025-06-08 21:40:34,221 - ERROR -    ‚ùå Application failed: Message: invalid session id
Stacktrace:
#0 0x56545a35b71a <unknown>
#1 0x565459dfdef3 <unknown>
#2 0x565459e40f0f <unknown>
#3 0x565459e752a6 <unknown>
#4 0x565459e6fbe7 <unknown>
#5 0x565459e6ed25 <unknown>
#6 0x565459dc7a88 <unknown>
#7 0x56545a3208cb <unknown>
#8 0x56545a3247ca <unknown>
#9 0x56545a308622 <unknown>
#10 0x56545a325354 <unknown>
#11 0x56545a2ed45f <unknown>
#12 0x565459dc5821 <unknown>
#13 0x7f8bd682a1ca <unknown>
#14 0x7f8bd682a28b __libc_start_main
#15 0x565459d8d4ea _start

2025-06-08 21:40:34,221 - ERROR - Full error for Google Cloud Platform MLOPs & Vertex AI Specialist(L6):
Traceback (most recent call last):
  File "/home/runner/work/Applier-Workflow/Applier-Workflow/scripts/src/stealth_apply.py", line 149, in easy_apply
    driver.get(job_link)
  File "/opt/hostedtoolcache/Python/3.10.17/x64/lib/python3.10/site-packages/undetected_chromedriver/__init__.py", line 496, in get_wrapped
    if self.execute_script("return navigator.webdriver"):
  File "/opt/hostedtoolcache/Python/3.10.17/x64/lib/python3.10/site-packages/selenium/webdriver/remote/webdriver.py", line 544, in execute_script
    return self.execute(command, {"script": script, "args": converted_args})["value"]
  File "/opt/hostedtoolcache/Python/3.10.17/x64/lib/python3.10/site-packages/selenium/webdriver/remote/webdriver.py", line 447, in execute
    self.error_handler.check_response(response)
  File "/opt/hostedtoolcache/Python/3.10.17/x64/lib/python3.10/site-packages/selenium/webdriver/remote/errorhandler.py", line 232, in check_response
    raise exception_class(message, screen, stacktrace)
selenium.common.exceptions.InvalidSessionIdException: Message: invalid session id
Stacktrace:
#0 0x56545a35b71a <unknown>
#1 0x565459dfdef3 <unknown>
#2 0x565459e40f0f <unknown>
#3 0x565459e752a6 <unknown>
#4 0x565459e6fbe7 <unknown>
#5 0x565459e6ed25 <unknown>
#6 0x565459dc7a88 <unknown>
#7 0x56545a3208cb <unknown>
#8 0x56545a3247ca <unknown>
#9 0x56545a308622 <unknown>
#10 0x56545a325354 <unknown>
#11 0x56545a2ed45f <unknown>
#12 0x565459dc5821 <unknown>
#13 0x7f8bd682a1ca <unknown>
#14 0x7f8bd682a28b __libc_start_main
#15 0x565459d8d4ea _start

2025-06-08 21:40:44,119 - INFO - üéØ [80/84] Applying to: AI/ML Engineer @ Arlington, Texas- USA (Day 1 Onsite) _ Full Time
2025-06-08 21:40:44,126 - ERROR -    ‚ùå Application failed: Message: invalid session id
Stacktrace:
#0 0x56545a35b71a <unknown>
#1 0x565459dfdef3 <unknown>
#2 0x565459e40f0f <unknown>
#3 0x565459e752a6 <unknown>
#4 0x565459e6fbe7 <unknown>
#5 0x565459e6ed25 <unknown>
#6 0x565459dc7a88 <unknown>
#7 0x56545a3208cb <unknown>
#8 0x56545a3247ca <unknown>
#9 0x56545a308622 <unknown>
#10 0x56545a325354 <unknown>
#11 0x56545a2ed45f <unknown>
#12 0x565459dc5821 <unknown>
#13 0x7f8bd682a1ca <unknown>
#14 0x7f8bd682a28b __libc_start_main
#15 0x565459d8d4ea _start

2025-06-08 21:40:44,126 - ERROR - Full error for AI/ML Engineer @ Arlington, Texas- USA (Day 1 Onsite) _ Full Time:
Traceback (most recent call last):
  File "/home/runner/work/Applier-Workflow/Applier-Workflow/scripts/src/stealth_apply.py", line 149, in easy_apply
    driver.get(job_link)
  File "/opt/hostedtoolcache/Python/3.10.17/x64/lib/python3.10/site-packages/undetected_chromedriver/__init__.py", line 496, in get_wrapped
    if self.execute_script("return navigator.webdriver"):
  File "/opt/hostedtoolcache/Python/3.10.17/x64/lib/python3.10/site-packages/selenium/webdriver/remote/webdriver.py", line 544, in execute_script
    return self.execute(command, {"script": script, "args": converted_args})["value"]
  File "/opt/hostedtoolcache/Python/3.10.17/x64/lib/python3.10/site-packages/selenium/webdriver/remote/webdriver.py", line 447, in execute
    self.error_handler.check_response(response)
  File "/opt/hostedtoolcache/Python/3.10.17/x64/lib/python3.10/site-packages/selenium/webdriver/remote/errorhandler.py", line 232, in check_response
    raise exception_class(message, screen, stacktrace)
selenium.common.exceptions.InvalidSessionIdException: Message: invalid session id
Stacktrace:
#0 0x56545a35b71a <unknown>
#1 0x565459dfdef3 <unknown>
#2 0x565459e40f0f <unknown>
#3 0x565459e752a6 <unknown>
#4 0x565459e6fbe7 <unknown>
#5 0x565459e6ed25 <unknown>
#6 0x565459dc7a88 <unknown>
#7 0x56545a3208cb <unknown>
#8 0x56545a3247ca <unknown>
#9 0x56545a308622 <unknown>
#10 0x56545a325354 <unknown>
#11 0x56545a2ed45f <unknown>
#12 0x565459dc5821 <unknown>
#13 0x7f8bd682a1ca <unknown>
#14 0x7f8bd682a28b __libc_start_main
#15 0x565459d8d4ea _start

2025-06-08 21:40:52,790 - INFO - üéØ [81/84] Applying to: AI/ML Platform Engineer
2025-06-08 21:40:52,797 - ERROR -    ‚ùå Application failed: Message: invalid session id
Stacktrace:
#0 0x56545a35b71a <unknown>
#1 0x565459dfdef3 <unknown>
#2 0x565459e40f0f <unknown>
#3 0x565459e752a6 <unknown>
#4 0x565459e6fbe7 <unknown>
#5 0x565459e6ed25 <unknown>
#6 0x565459dc7a88 <unknown>
#7 0x56545a3208cb <unknown>
#8 0x56545a3247ca <unknown>
#9 0x56545a308622 <unknown>
#10 0x56545a325354 <unknown>
#11 0x56545a2ed45f <unknown>
#12 0x565459dc5821 <unknown>
#13 0x7f8bd682a1ca <unknown>
#14 0x7f8bd682a28b __libc_start_main
#15 0x565459d8d4ea _start

2025-06-08 21:40:52,797 - ERROR - Full error for AI/ML Platform Engineer:
Traceback (most recent call last):
  File "/home/runner/work/Applier-Workflow/Applier-Workflow/scripts/src/stealth_apply.py", line 149, in easy_apply
    driver.get(job_link)
  File "/opt/hostedtoolcache/Python/3.10.17/x64/lib/python3.10/site-packages/undetected_chromedriver/__init__.py", line 496, in get_wrapped
    if self.execute_script("return navigator.webdriver"):
  File "/opt/hostedtoolcache/Python/3.10.17/x64/lib/python3.10/site-packages/selenium/webdriver/remote/webdriver.py", line 544, in execute_script
    return self.execute(command, {"script": script, "args": converted_args})["value"]
  File "/opt/hostedtoolcache/Python/3.10.17/x64/lib/python3.10/site-packages/selenium/webdriver/remote/webdriver.py", line 447, in execute
    self.error_handler.check_response(response)
  File "/opt/hostedtoolcache/Python/3.10.17/x64/lib/python3.10/site-packages/selenium/webdriver/remote/errorhandler.py", line 232, in check_response
    raise exception_class(message, screen, stacktrace)
selenium.common.exceptions.InvalidSessionIdException: Message: invalid session id
Stacktrace:
#0 0x56545a35b71a <unknown>
#1 0x565459dfdef3 <unknown>
#2 0x565459e40f0f <unknown>
#3 0x565459e752a6 <unknown>
#4 0x565459e6fbe7 <unknown>
#5 0x565459e6ed25 <unknown>
#6 0x565459dc7a88 <unknown>
#7 0x56545a3208cb <unknown>
#8 0x56545a3247ca <unknown>
#9 0x56545a308622 <unknown>
#10 0x56545a325354 <unknown>
#11 0x56545a2ed45f <unknown>
#12 0x565459dc5821 <unknown>
#13 0x7f8bd682a1ca <unknown>
#14 0x7f8bd682a28b __libc_start_main
#15 0x565459d8d4ea _start

2025-06-08 21:41:02,437 - INFO - üéØ [82/84] Applying to: Data engineer - Content Retrieval
2025-06-08 21:41:02,444 - ERROR -    ‚ùå Application failed: Message: invalid session id
Stacktrace:
#0 0x56545a35b71a <unknown>
#1 0x565459dfdef3 <unknown>
#2 0x565459e40f0f <unknown>
#3 0x565459e752a6 <unknown>
#4 0x565459e6fbe7 <unknown>
#5 0x565459e6ed25 <unknown>
#6 0x565459dc7a88 <unknown>
#7 0x56545a3208cb <unknown>
#8 0x56545a3247ca <unknown>
#9 0x56545a308622 <unknown>
#10 0x56545a325354 <unknown>
#11 0x56545a2ed45f <unknown>
#12 0x565459dc5821 <unknown>
#13 0x7f8bd682a1ca <unknown>
#14 0x7f8bd682a28b __libc_start_main
#15 0x565459d8d4ea _start

2025-06-08 21:41:02,444 - ERROR - Full error for Data engineer - Content Retrieval:
Traceback (most recent call last):
  File "/home/runner/work/Applier-Workflow/Applier-Workflow/scripts/src/stealth_apply.py", line 149, in easy_apply
    driver.get(job_link)
  File "/opt/hostedtoolcache/Python/3.10.17/x64/lib/python3.10/site-packages/undetected_chromedriver/__init__.py", line 496, in get_wrapped
    if self.execute_script("return navigator.webdriver"):
  File "/opt/hostedtoolcache/Python/3.10.17/x64/lib/python3.10/site-packages/selenium/webdriver/remote/webdriver.py", line 544, in execute_script
    return self.execute(command, {"script": script, "args": converted_args})["value"]
  File "/opt/hostedtoolcache/Python/3.10.17/x64/lib/python3.10/site-packages/selenium/webdriver/remote/webdriver.py", line 447, in execute
    self.error_handler.check_response(response)
  File "/opt/hostedtoolcache/Python/3.10.17/x64/lib/python3.10/site-packages/selenium/webdriver/remote/errorhandler.py", line 232, in check_response
    raise exception_class(message, screen, stacktrace)
selenium.common.exceptions.InvalidSessionIdException: Message: invalid session id
Stacktrace:
#0 0x56545a35b71a <unknown>
#1 0x565459dfdef3 <unknown>
#2 0x565459e40f0f <unknown>
#3 0x565459e752a6 <unknown>
#4 0x565459e6fbe7 <unknown>
#5 0x565459e6ed25 <unknown>
#6 0x565459dc7a88 <unknown>
#7 0x56545a3208cb <unknown>
#8 0x56545a3247ca <unknown>
#9 0x56545a308622 <unknown>
#10 0x56545a325354 <unknown>
#11 0x56545a2ed45f <unknown>
#12 0x565459dc5821 <unknown>
#13 0x7f8bd682a1ca <unknown>
#14 0x7f8bd682a28b __libc_start_main
#15 0x565459d8d4ea _start

2025-06-08 21:41:09,992 - INFO - üéØ [83/84] Applying to: AI Engineer
2025-06-08 21:41:09,999 - ERROR -    ‚ùå Application failed: Message: invalid session id
Stacktrace:
#0 0x56545a35b71a <unknown>
#1 0x565459dfdef3 <unknown>
#2 0x565459e40f0f <unknown>
#3 0x565459e752a6 <unknown>
#4 0x565459e6fbe7 <unknown>
#5 0x565459e6ed25 <unknown>
#6 0x565459dc7a88 <unknown>
#7 0x56545a3208cb <unknown>
#8 0x56545a3247ca <unknown>
#9 0x56545a308622 <unknown>
#10 0x56545a325354 <unknown>
#11 0x56545a2ed45f <unknown>
#12 0x565459dc5821 <unknown>
#13 0x7f8bd682a1ca <unknown>
#14 0x7f8bd682a28b __libc_start_main
#15 0x565459d8d4ea _start

2025-06-08 21:41:09,999 - ERROR - Full error for AI Engineer:
Traceback (most recent call last):
  File "/home/runner/work/Applier-Workflow/Applier-Workflow/scripts/src/stealth_apply.py", line 149, in easy_apply
    driver.get(job_link)
  File "/opt/hostedtoolcache/Python/3.10.17/x64/lib/python3.10/site-packages/undetected_chromedriver/__init__.py", line 496, in get_wrapped
    if self.execute_script("return navigator.webdriver"):
  File "/opt/hostedtoolcache/Python/3.10.17/x64/lib/python3.10/site-packages/selenium/webdriver/remote/webdriver.py", line 544, in execute_script
    return self.execute(command, {"script": script, "args": converted_args})["value"]
  File "/opt/hostedtoolcache/Python/3.10.17/x64/lib/python3.10/site-packages/selenium/webdriver/remote/webdriver.py", line 447, in execute
    self.error_handler.check_response(response)
  File "/opt/hostedtoolcache/Python/3.10.17/x64/lib/python3.10/site-packages/selenium/webdriver/remote/errorhandler.py", line 232, in check_response
    raise exception_class(message, screen, stacktrace)
selenium.common.exceptions.InvalidSessionIdException: Message: invalid session id
Stacktrace:
#0 0x56545a35b71a <unknown>
#1 0x565459dfdef3 <unknown>
#2 0x565459e40f0f <unknown>
#3 0x565459e752a6 <unknown>
#4 0x565459e6fbe7 <unknown>
#5 0x565459e6ed25 <unknown>
#6 0x565459dc7a88 <unknown>
#7 0x56545a3208cb <unknown>
#8 0x56545a3247ca <unknown>
#9 0x56545a308622 <unknown>
#10 0x56545a325354 <unknown>
#11 0x56545a2ed45f <unknown>
#12 0x565459dc5821 <unknown>
#13 0x7f8bd682a1ca <unknown>
#14 0x7f8bd682a28b __libc_start_main
#15 0x565459d8d4ea _start

2025-06-08 21:41:19,018 - INFO - üéØ [84/84] Applying to: AI Prompt Engineer
2025-06-08 21:41:19,025 - ERROR -    ‚ùå Application failed: Message: invalid session id
Stacktrace:
#0 0x56545a35b71a <unknown>
#1 0x565459dfdef3 <unknown>
#2 0x565459e40f0f <unknown>
#3 0x565459e752a6 <unknown>
#4 0x565459e6fbe7 <unknown>
#5 0x565459e6ed25 <unknown>
#6 0x565459dc7a88 <unknown>
#7 0x56545a3208cb <unknown>
#8 0x56545a3247ca <unknown>
#9 0x56545a308622 <unknown>
#10 0x56545a325354 <unknown>
#11 0x56545a2ed45f <unknown>
#12 0x565459dc5821 <unknown>
#13 0x7f8bd682a1ca <unknown>
#14 0x7f8bd682a28b __libc_start_main
#15 0x565459d8d4ea _start

2025-06-08 21:41:19,025 - ERROR - Full error for AI Prompt Engineer:
Traceback (most recent call last):
  File "/home/runner/work/Applier-Workflow/Applier-Workflow/scripts/src/stealth_apply.py", line 149, in easy_apply
    driver.get(job_link)
  File "/opt/hostedtoolcache/Python/3.10.17/x64/lib/python3.10/site-packages/undetected_chromedriver/__init__.py", line 496, in get_wrapped
    if self.execute_script("return navigator.webdriver"):
  File "/opt/hostedtoolcache/Python/3.10.17/x64/lib/python3.10/site-packages/selenium/webdriver/remote/webdriver.py", line 544, in execute_script
    return self.execute(command, {"script": script, "args": converted_args})["value"]
  File "/opt/hostedtoolcache/Python/3.10.17/x64/lib/python3.10/site-packages/selenium/webdriver/remote/webdriver.py", line 447, in execute
    self.error_handler.check_response(response)
  File "/opt/hostedtoolcache/Python/3.10.17/x64/lib/python3.10/site-packages/selenium/webdriver/remote/errorhandler.py", line 232, in check_response
    raise exception_class(message, screen, stacktrace)
selenium.common.exceptions.InvalidSessionIdException: Message: invalid session id
Stacktrace:
#0 0x56545a35b71a <unknown>
#1 0x565459dfdef3 <unknown>
#2 0x565459e40f0f <unknown>
#3 0x565459e752a6 <unknown>
#4 0x565459e6fbe7 <unknown>
#5 0x565459e6ed25 <unknown>
#6 0x565459dc7a88 <unknown>
#7 0x56545a3208cb <unknown>
#8 0x56545a3247ca <unknown>
#9 0x56545a308622 <unknown>
#10 0x56545a325354 <unknown>
#11 0x56545a2ed45f <unknown>
#12 0x565459dc5821 <unknown>
#13 0x7f8bd682a1ca <unknown>
#14 0x7f8bd682a28b __libc_start_main
#15 0x565459d8d4ea _start

2025-06-08 21:41:22,022 - INFO - üìä Processing results...
2025-06-08 21:41:22,034 - INFO - üéâ Application run completed!
2025-06-08 21:41:22,034 - INFO -    ‚úÖ Newly applied: 37
2025-06-08 21:41:22,034 - INFO -    ‚è≠Ô∏è  Already applied: 0
2025-06-08 21:41:22,034 - INFO -    ‚ùå Failed: 47
2025-06-08 21:41:22,034 - INFO -    üìä Total processed: 84
2025-06-08 21:41:22,034 - INFO -    üìÅ Total jobs in CSV: 716
2025-06-08 21:41:22,034 - INFO -    üíæ Updated: output/final_ml_jobs.csv
2025-06-08 21:41:22,034 - INFO - üîß Closing browser...
